{
  "uid" : "1a76d3b9e12d35d0",
  "name" : "test_FindYourDreamHomeDropdownExist",
  "fullName" : "test_regression_suite.HeaderTests#test_FindYourDreamHomeDropdownExist",
  "historyId" : "64d2000b8f36f3b9c6b50c30a5af008a",
  "time" : {
    "start" : 1589206323185,
    "stop" : 1589206367756,
    "duration" : 44571
  },
  "status" : "failed",
  "statusMessage" : "AssertionError",
  "statusTrace" : "self = <tests.home.header_test.HeaderTests testMethod=test_FindYourDreamHomeDropdownExist>\n\n    def test_FindYourDreamHomeDropdownExist(self):\n        result = self.hp.verifyFYDHElement()\n        self.hp.clickFindYourDreamHome()\n        self.ts.markFinal(\"test_FindYourDreamHomeDropdownExist\", result,\n>                         \"Verify that element exist under 'Find Your Dream Home' dropdown executed\")\n\nhome\\header_test.py:30: \n_ _ _ _ _ _ _ _ _ _ _ _ _ _ _ _ _ _ _ _ _ _ _ _ _ _ _ _ _ _ _ _ _ _ _ _ _ _ _ _\n\nself = <utilities.casestatus.CaseStatus object at 0x02F4DA30>\ntestName = 'test_FindYourDreamHomeDropdownExist', result = False\nresultMessage = \"Verify that element exist under 'Find Your Dream Home' dropdown executed\"\n\n    def markFinal(self, testName, result, resultMessage):\n        \"\"\"\n        Mark the final result of verification point in a test case\n        This needs to be called at least once in a test case\n        This should be final test status of the test case\n        \"\"\"\n        self.setResult(result, resultMessage)\n    \n        if \"FAIL\" in self.resultList:\n            self.log.error(testName + \" Test Failed\")\n            self.resultList.clear()\n>           assert True == False\nE           AssertionError\n\n..\\utilities\\casestatus.py:74: AssertionError",
  "flaky" : false,
  "newFailed" : false,
  "beforeStages" : [ {
    "name" : "_UnitTestCase__pytest_class_setup",
    "time" : {
      "start" : 1589206294208,
      "stop" : 1589206294208,
      "duration" : 0
    },
    "status" : "passed",
    "steps" : [ ],
    "attachments" : [ ],
    "parameters" : [ ],
    "stepsCount" : 0,
    "hasContent" : false,
    "attachmentsCount" : 0,
    "shouldDisplayMessage" : false
  }, {
    "name" : "classSetUp",
    "time" : {
      "start" : 1589206323184,
      "stop" : 1589206323184,
      "duration" : 0
    },
    "status" : "passed",
    "steps" : [ ],
    "attachments" : [ ],
    "parameters" : [ ],
    "stepsCount" : 0,
    "hasContent" : false,
    "attachmentsCount" : 0,
    "shouldDisplayMessage" : false
  }, {
    "name" : "browser",
    "time" : {
      "start" : 1589206294208,
      "stop" : 1589206294208,
      "duration" : 0
    },
    "status" : "passed",
    "steps" : [ ],
    "attachments" : [ ],
    "parameters" : [ ],
    "stepsCount" : 0,
    "hasContent" : false,
    "attachmentsCount" : 0,
    "shouldDisplayMessage" : false
  }, {
    "name" : "oneTimeSetUp",
    "time" : {
      "start" : 1589206294208,
      "stop" : 1589206323183,
      "duration" : 28975
    },
    "status" : "passed",
    "steps" : [ ],
    "attachments" : [ ],
    "parameters" : [ ],
    "stepsCount" : 0,
    "hasContent" : false,
    "attachmentsCount" : 0,
    "shouldDisplayMessage" : false
  } ],
  "testStage" : {
    "status" : "failed",
    "statusMessage" : "AssertionError",
    "statusTrace" : "self = <tests.home.header_test.HeaderTests testMethod=test_FindYourDreamHomeDropdownExist>\n\n    def test_FindYourDreamHomeDropdownExist(self):\n        result = self.hp.verifyFYDHElement()\n        self.hp.clickFindYourDreamHome()\n        self.ts.markFinal(\"test_FindYourDreamHomeDropdownExist\", result,\n>                         \"Verify that element exist under 'Find Your Dream Home' dropdown executed\")\n\nhome\\header_test.py:30: \n_ _ _ _ _ _ _ _ _ _ _ _ _ _ _ _ _ _ _ _ _ _ _ _ _ _ _ _ _ _ _ _ _ _ _ _ _ _ _ _\n\nself = <utilities.casestatus.CaseStatus object at 0x02F4DA30>\ntestName = 'test_FindYourDreamHomeDropdownExist', result = False\nresultMessage = \"Verify that element exist under 'Find Your Dream Home' dropdown executed\"\n\n    def markFinal(self, testName, result, resultMessage):\n        \"\"\"\n        Mark the final result of verification point in a test case\n        This needs to be called at least once in a test case\n        This should be final test status of the test case\n        \"\"\"\n        self.setResult(result, resultMessage)\n    \n        if \"FAIL\" in self.resultList:\n            self.log.error(testName + \" Test Failed\")\n            self.resultList.clear()\n>           assert True == False\nE           AssertionError\n\n..\\utilities\\casestatus.py:74: AssertionError",
    "steps" : [ ],
    "attachments" : [ {
      "uid" : "6c7a5b43b015d7a2",
      "name" : "Verify that element exist under 'Find Your Dream Home' dropdown executed.1589206367752",
      "source" : "6c7a5b43b015d7a2.png",
      "type" : "image/png",
      "size" : 254461
    }, {
      "uid" : "fe9cece6761f80de",
      "name" : "log",
      "source" : "fe9cece6761f80de.txt",
      "type" : "text/plain",
      "size" : 3107
    }, {
      "uid" : "8f3cde62620f4b7c",
      "name" : "stdout",
      "source" : "8f3cde62620f4b7c.txt",
      "type" : "text/plain",
      "size" : 11
    } ],
    "parameters" : [ ],
    "stepsCount" : 0,
    "hasContent" : true,
    "attachmentsCount" : 3,
    "shouldDisplayMessage" : true
  },
  "afterStages" : [ {
    "name" : "_UnitTestCase__pytest_class_setup::0",
    "time" : {
      "start" : 1589206374729,
      "stop" : 1589206374729,
      "duration" : 0
    },
    "status" : "passed",
    "steps" : [ ],
    "attachments" : [ ],
    "parameters" : [ ],
    "stepsCount" : 0,
    "hasContent" : false,
    "attachmentsCount" : 0,
    "shouldDisplayMessage" : false
  }, {
    "name" : "oneTimeSetUp::0",
    "time" : {
      "start" : 1589206372488,
      "stop" : 1589206374721,
      "duration" : 2233
    },
    "status" : "passed",
    "steps" : [ ],
    "attachments" : [ ],
    "parameters" : [ ],
    "stepsCount" : 0,
    "hasContent" : false,
    "attachmentsCount" : 0,
    "shouldDisplayMessage" : false
  } ],
  "labels" : [ {
    "name" : "suite",
    "value" : "test_regression_suite"
  }, {
    "name" : "subSuite",
    "value" : "HeaderTests"
  }, {
    "name" : "host",
    "value" : "EXIPC0154"
  }, {
    "name" : "thread",
    "value" : "15428-MainThread"
  }, {
    "name" : "framework",
    "value" : "pytest"
  }, {
    "name" : "language",
    "value" : "cpython3"
  }, {
    "name" : "package",
    "value" : "test_regression_suite"
  }, {
    "name" : "resultFormat",
    "value" : "allure2"
  } ],
  "parameters" : [ ],
  "links" : [ ],
  "hidden" : false,
  "retry" : false,
  "extra" : {
    "severity" : "normal",
    "retries" : [ {
      "uid" : "ec832c8cf187b285",
      "status" : "failed",
      "statusDetails" : "AssertionError",
      "time" : {
        "start" : 1589205400408,
        "stop" : 1589205418062,
        "duration" : 17654
      }
    }, {
      "uid" : "66f48a104ffcf400",
      "status" : "failed",
      "statusDetails" : "AssertionError",
      "time" : {
        "start" : 1589203344393,
        "stop" : 1589203405241,
        "duration" : 60848
      }
    }, {
      "uid" : "4ab2e30c7250cee2",
      "status" : "failed",
      "statusDetails" : "AssertionError",
      "time" : {
        "start" : 1589163837663,
        "stop" : 1589163924197,
        "duration" : 86534
      }
    }, {
      "uid" : "d669ded11604ffca",
      "status" : "passed",
      "time" : {
        "start" : 1589113110076,
        "stop" : 1589113113363,
        "duration" : 3287
      }
    }, {
      "uid" : "9393db2783fb219",
      "status" : "passed",
      "time" : {
        "start" : 1588853743153,
        "stop" : 1588853744608,
        "duration" : 1455
      }
    }, {
      "uid" : "b66d92580115d784",
      "status" : "passed",
      "time" : {
        "start" : 1588852431212,
        "stop" : 1588852432830,
        "duration" : 1618
      }
    } ],
    "categories" : [ {
      "name" : "Product defects",
      "matchedStatuses" : [ ],
      "flaky" : false
    } ],
    "history" : {
      "statistic" : {
        "failed" : 4,
        "broken" : 0,
        "skipped" : 0,
        "passed" : 3,
        "unknown" : 0,
        "total" : 7
      },
      "items" : [ {
        "uid" : "bd7ce3f9f5907de2",
        "reportUrl" : "http://localhost:8080/job/MattamyHomes/22/allure/#testresult/bd7ce3f9f5907de2",
        "status" : "failed",
        "statusDetails" : "AssertionError",
        "time" : {
          "start" : 1589205400408,
          "stop" : 1589205418062,
          "duration" : 17654
        }
      }, {
        "uid" : "61f19084667fa2f7",
        "reportUrl" : "http://localhost:8080/job/MattamyHomes/21/allure/#testresult/61f19084667fa2f7",
        "status" : "failed",
        "statusDetails" : "AssertionError",
        "time" : {
          "start" : 1589203344393,
          "stop" : 1589203405241,
          "duration" : 60848
        }
      }, {
        "uid" : "bac3853a58f3f11e",
        "reportUrl" : "http://localhost:8080/job/MattamyHomes/20/allure/#testresult/bac3853a58f3f11e",
        "status" : "failed",
        "statusDetails" : "AssertionError",
        "time" : {
          "start" : 1589163837663,
          "stop" : 1589163924197,
          "duration" : 86534
        }
      }, {
        "uid" : "9792ad2ee37d8f06",
        "reportUrl" : "http://localhost:8080/job/MattamyHomes/19/allure/#testresult/9792ad2ee37d8f06",
        "status" : "passed",
        "time" : {
          "start" : 1589113110076,
          "stop" : 1589113113363,
          "duration" : 3287
        }
      }, {
        "uid" : "5265d07ee535cf12",
        "reportUrl" : "http://localhost:8080/job/MattamyHomes/18/allure/#testresult/5265d07ee535cf12",
        "status" : "passed",
        "time" : {
          "start" : 1588853743153,
          "stop" : 1588853744608,
          "duration" : 1455
        }
      }, {
        "uid" : "f916a1d28efd84e4",
        "reportUrl" : "http://localhost:8080/job/MattamyHomes/17/allure/#testresult/f916a1d28efd84e4",
        "status" : "passed",
        "time" : {
          "start" : 1588852431212,
          "stop" : 1588852432830,
          "duration" : 1618
        }
      } ]
    },
    "tags" : [ ]
  },
  "source" : "1a76d3b9e12d35d0.json",
  "parameterValues" : [ ]
}