{
  "uid" : "292c79ffd74067b7",
  "name" : "test_careersLink",
  "fullName" : "test_regression_suite.FooterTests#test_careersLink",
  "historyId" : "a3bacc9480c7ae49972e15fc6e525495",
  "time" : {
    "start" : 1589203292380,
    "stop" : 1589203293251,
    "duration" : 871
  },
  "status" : "failed",
  "statusMessage" : "AssertionError",
  "statusTrace" : "self = <tests.home.footer_test.FooterTests testMethod=test_careersLink>\n\n    def test_careersLink(self):\n        result = self.fp.getCareersLinkStatus()\n>       self.ts.markFinal(\"test_careersLink\", result, \"Footer_Verified Careers Link\")\n\nhome\\footer_test.py:56: \n_ _ _ _ _ _ _ _ _ _ _ _ _ _ _ _ _ _ _ _ _ _ _ _ _ _ _ _ _ _ _ _ _ _ _ _ _ _ _ _\n\nself = <utilities.casestatus.CaseStatus object at 0x035DCD50>\ntestName = 'test_careersLink', result = False\nresultMessage = 'Footer_Verified Careers Link'\n\n    def markFinal(self, testName, result, resultMessage):\n        \"\"\"\n        Mark the final result of verification point in a test case\n        This needs to be called at least once in a test case\n        This should be final test status of the test case\n        \"\"\"\n        self.setResult(result, resultMessage)\n    \n        if \"FAIL\" in self.resultList:\n            self.log.error(testName + \" Test Failed\")\n            self.resultList.clear()\n>           assert True == False\nE           AssertionError\n\n..\\utilities\\casestatus.py:74: AssertionError",
  "flaky" : false,
  "newFailed" : false,
  "beforeStages" : [ {
    "name" : "browser",
    "time" : {
      "start" : 1589203273705,
      "stop" : 1589203273705,
      "duration" : 0
    },
    "status" : "passed",
    "steps" : [ ],
    "attachments" : [ ],
    "parameters" : [ ],
    "stepsCount" : 0,
    "hasContent" : false,
    "attachmentsCount" : 0,
    "shouldDisplayMessage" : false
  }, {
    "name" : "oneTimeSetUp",
    "time" : {
      "start" : 1589203273705,
      "stop" : 1589203291075,
      "duration" : 17370
    },
    "status" : "passed",
    "steps" : [ ],
    "attachments" : [ ],
    "parameters" : [ ],
    "stepsCount" : 0,
    "hasContent" : false,
    "attachmentsCount" : 0,
    "shouldDisplayMessage" : false
  }, {
    "name" : "classSetUp",
    "time" : {
      "start" : 1589203292379,
      "stop" : 1589203292379,
      "duration" : 0
    },
    "status" : "passed",
    "steps" : [ ],
    "attachments" : [ ],
    "parameters" : [ ],
    "stepsCount" : 0,
    "hasContent" : false,
    "attachmentsCount" : 0,
    "shouldDisplayMessage" : false
  }, {
    "name" : "_UnitTestCase__pytest_class_setup",
    "time" : {
      "start" : 1589203273704,
      "stop" : 1589203273704,
      "duration" : 0
    },
    "status" : "passed",
    "steps" : [ ],
    "attachments" : [ ],
    "parameters" : [ ],
    "stepsCount" : 0,
    "hasContent" : false,
    "attachmentsCount" : 0,
    "shouldDisplayMessage" : false
  } ],
  "testStage" : {
    "status" : "failed",
    "statusMessage" : "AssertionError",
    "statusTrace" : "self = <tests.home.footer_test.FooterTests testMethod=test_careersLink>\n\n    def test_careersLink(self):\n        result = self.fp.getCareersLinkStatus()\n>       self.ts.markFinal(\"test_careersLink\", result, \"Footer_Verified Careers Link\")\n\nhome\\footer_test.py:56: \n_ _ _ _ _ _ _ _ _ _ _ _ _ _ _ _ _ _ _ _ _ _ _ _ _ _ _ _ _ _ _ _ _ _ _ _ _ _ _ _\n\nself = <utilities.casestatus.CaseStatus object at 0x035DCD50>\ntestName = 'test_careersLink', result = False\nresultMessage = 'Footer_Verified Careers Link'\n\n    def markFinal(self, testName, result, resultMessage):\n        \"\"\"\n        Mark the final result of verification point in a test case\n        This needs to be called at least once in a test case\n        This should be final test status of the test case\n        \"\"\"\n        self.setResult(result, resultMessage)\n    \n        if \"FAIL\" in self.resultList:\n            self.log.error(testName + \" Test Failed\")\n            self.resultList.clear()\n>           assert True == False\nE           AssertionError\n\n..\\utilities\\casestatus.py:74: AssertionError",
    "steps" : [ ],
    "attachments" : [ {
      "uid" : "d527dad78a3edc8d",
      "name" : "Footer_Verified Careers Link.1589203293248",
      "source" : "d527dad78a3edc8d.png",
      "type" : "image/png",
      "size" : 40915
    }, {
      "uid" : "5d934aa383859869",
      "name" : "log",
      "source" : "5d934aa383859869.txt",
      "type" : "text/plain",
      "size" : 1417
    } ],
    "parameters" : [ ],
    "stepsCount" : 0,
    "hasContent" : true,
    "attachmentsCount" : 2,
    "shouldDisplayMessage" : true
  },
  "afterStages" : [ {
    "name" : "oneTimeSetUp::0",
    "time" : {
      "start" : 1589203312784,
      "stop" : 1589203315200,
      "duration" : 2416
    },
    "status" : "passed",
    "steps" : [ ],
    "attachments" : [ ],
    "parameters" : [ ],
    "stepsCount" : 0,
    "hasContent" : false,
    "attachmentsCount" : 0,
    "shouldDisplayMessage" : false
  }, {
    "name" : "_UnitTestCase__pytest_class_setup::0",
    "time" : {
      "start" : 1589203315209,
      "stop" : 1589203315209,
      "duration" : 0
    },
    "status" : "passed",
    "steps" : [ ],
    "attachments" : [ ],
    "parameters" : [ ],
    "stepsCount" : 0,
    "hasContent" : false,
    "attachmentsCount" : 0,
    "shouldDisplayMessage" : false
  } ],
  "labels" : [ {
    "name" : "suite",
    "value" : "test_regression_suite"
  }, {
    "name" : "subSuite",
    "value" : "FooterTests"
  }, {
    "name" : "host",
    "value" : "EXIPC0154"
  }, {
    "name" : "thread",
    "value" : "9352-MainThread"
  }, {
    "name" : "framework",
    "value" : "pytest"
  }, {
    "name" : "language",
    "value" : "cpython3"
  }, {
    "name" : "package",
    "value" : "test_regression_suite"
  }, {
    "name" : "resultFormat",
    "value" : "allure2"
  } ],
  "parameters" : [ ],
  "links" : [ ],
  "hidden" : false,
  "retry" : false,
  "extra" : {
    "severity" : "normal",
    "retries" : [ {
      "uid" : "a265cad19fe450a",
      "status" : "failed",
      "statusDetails" : "AssertionError",
      "time" : {
        "start" : 1589163785367,
        "stop" : 1589163786325,
        "duration" : 958
      }
    }, {
      "uid" : "6f14f819b5ea80a4",
      "status" : "failed",
      "statusDetails" : "AssertionError",
      "time" : {
        "start" : 1589113051166,
        "stop" : 1589113052605,
        "duration" : 1439
      }
    }, {
      "uid" : "59188d6a346cf819",
      "status" : "failed",
      "statusDetails" : "AssertionError",
      "time" : {
        "start" : 1588853650502,
        "stop" : 1588853651285,
        "duration" : 783
      }
    }, {
      "uid" : "47681630c68711ad",
      "status" : "failed",
      "statusDetails" : "AssertionError",
      "time" : {
        "start" : 1588852330262,
        "stop" : 1588852331179,
        "duration" : 917
      }
    } ],
    "categories" : [ {
      "name" : "Product defects",
      "matchedStatuses" : [ ],
      "flaky" : false
    } ],
    "history" : {
      "statistic" : {
        "failed" : 5,
        "broken" : 0,
        "skipped" : 0,
        "passed" : 0,
        "unknown" : 0,
        "total" : 5
      },
      "items" : [ {
        "uid" : "d4797321b0c5d32a",
        "reportUrl" : "http://localhost:8080/job/MattamyHomes/20/allure/#testresult/d4797321b0c5d32a",
        "status" : "failed",
        "statusDetails" : "AssertionError",
        "time" : {
          "start" : 1589163785367,
          "stop" : 1589163786325,
          "duration" : 958
        }
      }, {
        "uid" : "93a1c98f8b9a3b6b",
        "reportUrl" : "http://localhost:8080/job/MattamyHomes/19/allure/#testresult/93a1c98f8b9a3b6b",
        "status" : "failed",
        "statusDetails" : "AssertionError",
        "time" : {
          "start" : 1589113051166,
          "stop" : 1589113052605,
          "duration" : 1439
        }
      }, {
        "uid" : "a9dc025ac0c828bc",
        "reportUrl" : "http://localhost:8080/job/MattamyHomes/18/allure/#testresult/a9dc025ac0c828bc",
        "status" : "failed",
        "statusDetails" : "AssertionError",
        "time" : {
          "start" : 1588853650502,
          "stop" : 1588853651285,
          "duration" : 783
        }
      }, {
        "uid" : "8a21ed6c88fe8b9b",
        "reportUrl" : "http://localhost:8080/job/MattamyHomes/17/allure/#testresult/8a21ed6c88fe8b9b",
        "status" : "failed",
        "statusDetails" : "AssertionError",
        "time" : {
          "start" : 1588852330262,
          "stop" : 1588852331179,
          "duration" : 917
        }
      } ]
    },
    "tags" : [ ]
  },
  "source" : "292c79ffd74067b7.json",
  "parameterValues" : [ ]
}