{
  "uid" : "2a8dc70c5025eccc",
  "name" : "test_contactUsLink",
  "fullName" : "test_regression_suite.FooterTests#test_contactUsLink",
  "historyId" : "f96e1be7f4eab5e1c56d22dc6b1a0d37",
  "time" : {
    "start" : 1595234689926,
    "stop" : 1595234713869,
    "duration" : 23943
  },
  "status" : "failed",
  "statusMessage" : "AssertionError",
  "statusTrace" : "self = <tests.home.footer_test.FooterTests testMethod=test_contactUsLink>\n\n    def test_contactUsLink(self):\n        result = self.fp.getContactUsLinkStatus()\n>       self.ts.markFinal(\"test_contactUsLink\", result, \"Footer_Verified Contact Us Link\")\n\nhome\\footer_test.py:52: \n_ _ _ _ _ _ _ _ _ _ _ _ _ _ _ _ _ _ _ _ _ _ _ _ _ _ _ _ _ _ _ _ _ _ _ _ _ _ _ _\n\nself = <utilities.casestatus.CaseStatus object at 0x0000020738B7E0A0>\ntestName = 'test_contactUsLink', result = False\nresultMessage = 'Footer_Verified Contact Us Link'\n\n    def markFinal(self, testName, result, resultMessage):\n        \"\"\"\n        Mark the final result of verification point in a test case\n        This needs to be called at least once in a test case\n        This should be final test status of the test case\n        \"\"\"\n        self.setResult(result, resultMessage)\n    \n        if \"FAIL\" in self.resultList:\n            self.log.error(testName + \" Test Failed\")\n            self.resultList.clear()\n>           assert True == False\nE           AssertionError\n\n..\\utilities\\casestatus.py:74: AssertionError",
  "flaky" : false,
  "newFailed" : false,
  "beforeStages" : [ {
    "name" : "browser",
    "time" : {
      "start" : 1595234616955,
      "stop" : 1595234616955,
      "duration" : 0
    },
    "status" : "passed",
    "steps" : [ ],
    "attachments" : [ ],
    "parameters" : [ ],
    "attachmentsCount" : 0,
    "shouldDisplayMessage" : false,
    "stepsCount" : 0,
    "hasContent" : false
  }, {
    "name" : "_UnitTestCase__pytest_class_setup",
    "time" : {
      "start" : 1595234616954,
      "stop" : 1595234616954,
      "duration" : 0
    },
    "status" : "passed",
    "steps" : [ ],
    "attachments" : [ ],
    "parameters" : [ ],
    "attachmentsCount" : 0,
    "shouldDisplayMessage" : false,
    "stepsCount" : 0,
    "hasContent" : false
  }, {
    "name" : "oneTimeSetUp",
    "time" : {
      "start" : 1595234616955,
      "stop" : 1595234642098,
      "duration" : 25143
    },
    "status" : "passed",
    "steps" : [ ],
    "attachments" : [ ],
    "parameters" : [ ],
    "attachmentsCount" : 0,
    "shouldDisplayMessage" : false,
    "stepsCount" : 0,
    "hasContent" : false
  }, {
    "name" : "classSetUp",
    "time" : {
      "start" : 1595234689926,
      "stop" : 1595234689926,
      "duration" : 0
    },
    "status" : "passed",
    "steps" : [ ],
    "attachments" : [ ],
    "parameters" : [ ],
    "attachmentsCount" : 0,
    "shouldDisplayMessage" : false,
    "stepsCount" : 0,
    "hasContent" : false
  } ],
  "testStage" : {
    "status" : "failed",
    "statusMessage" : "AssertionError",
    "statusTrace" : "self = <tests.home.footer_test.FooterTests testMethod=test_contactUsLink>\n\n    def test_contactUsLink(self):\n        result = self.fp.getContactUsLinkStatus()\n>       self.ts.markFinal(\"test_contactUsLink\", result, \"Footer_Verified Contact Us Link\")\n\nhome\\footer_test.py:52: \n_ _ _ _ _ _ _ _ _ _ _ _ _ _ _ _ _ _ _ _ _ _ _ _ _ _ _ _ _ _ _ _ _ _ _ _ _ _ _ _\n\nself = <utilities.casestatus.CaseStatus object at 0x0000020738B7E0A0>\ntestName = 'test_contactUsLink', result = False\nresultMessage = 'Footer_Verified Contact Us Link'\n\n    def markFinal(self, testName, result, resultMessage):\n        \"\"\"\n        Mark the final result of verification point in a test case\n        This needs to be called at least once in a test case\n        This should be final test status of the test case\n        \"\"\"\n        self.setResult(result, resultMessage)\n    \n        if \"FAIL\" in self.resultList:\n            self.log.error(testName + \" Test Failed\")\n            self.resultList.clear()\n>           assert True == False\nE           AssertionError\n\n..\\utilities\\casestatus.py:74: AssertionError",
    "steps" : [ ],
    "attachments" : [ {
      "uid" : "3929e4481feb8f3f",
      "name" : "Footer_Verified Contact Us Link.1595234713867",
      "source" : "3929e4481feb8f3f.png",
      "type" : "image/png",
      "size" : 232602
    }, {
      "uid" : "f0ffa87218c31062",
      "name" : "log",
      "source" : "f0ffa87218c31062.txt",
      "type" : "text/plain",
      "size" : 1152
    }, {
      "uid" : "305701c4bf5f77ae",
      "name" : "stdout",
      "source" : "305701c4bf5f77ae.txt",
      "type" : "text/plain",
      "size" : 22
    } ],
    "parameters" : [ ],
    "attachmentsCount" : 3,
    "shouldDisplayMessage" : true,
    "stepsCount" : 0,
    "hasContent" : true
  },
  "afterStages" : [ {
    "name" : "_UnitTestCase__pytest_class_setup::0",
    "time" : {
      "start" : 1595235043615,
      "stop" : 1595235043615,
      "duration" : 0
    },
    "status" : "passed",
    "steps" : [ ],
    "attachments" : [ ],
    "parameters" : [ ],
    "attachmentsCount" : 0,
    "shouldDisplayMessage" : false,
    "stepsCount" : 0,
    "hasContent" : false
  }, {
    "name" : "oneTimeSetUp::0",
    "time" : {
      "start" : 1595235041391,
      "stop" : 1595235043607,
      "duration" : 2216
    },
    "status" : "passed",
    "steps" : [ ],
    "attachments" : [ ],
    "parameters" : [ ],
    "attachmentsCount" : 0,
    "shouldDisplayMessage" : false,
    "stepsCount" : 0,
    "hasContent" : false
  } ],
  "labels" : [ {
    "name" : "suite",
    "value" : "test_regression_suite"
  }, {
    "name" : "subSuite",
    "value" : "FooterTests"
  }, {
    "name" : "host",
    "value" : "EXIPC0154"
  }, {
    "name" : "thread",
    "value" : "10648-MainThread"
  }, {
    "name" : "framework",
    "value" : "pytest"
  }, {
    "name" : "language",
    "value" : "cpython3"
  }, {
    "name" : "package",
    "value" : "test_regression_suite"
  }, {
    "name" : "resultFormat",
    "value" : "allure2"
  } ],
  "parameters" : [ ],
  "links" : [ ],
  "hidden" : true,
  "retry" : true,
  "extra" : {
    "categories" : [ ],
    "tags" : [ ]
  },
  "source" : "2a8dc70c5025eccc.json",
  "parameterValues" : [ ]
}