{
  "uid" : "2e01c3267dabb2cd",
  "name" : "test_investorsLink",
  "fullName" : "test_regression_suite.FooterTests#test_investorsLink",
  "historyId" : "a425b0857a6827e86c480ff15aae7909",
  "time" : {
    "start" : 1589272114787,
    "stop" : 1589272121335,
    "duration" : 6548
  },
  "status" : "failed",
  "statusMessage" : "AssertionError",
  "statusTrace" : "self = <tests.home.footer_test.FooterTests testMethod=test_investorsLink>\n\n    def test_investorsLink(self):\n        result = self.fp.getInvestorsLinkStatus()\n>       self.ts.markFinal(\"test_investorsLink\", result, \"Footer_Verified Investors Link\")\n\nhome\\footer_test.py:68: \n_ _ _ _ _ _ _ _ _ _ _ _ _ _ _ _ _ _ _ _ _ _ _ _ _ _ _ _ _ _ _ _ _ _ _ _ _ _ _ _\n\nself = <utilities.casestatus.CaseStatus object at 0x04AFC990>\ntestName = 'test_investorsLink', result = False\nresultMessage = 'Footer_Verified Investors Link'\n\n    def markFinal(self, testName, result, resultMessage):\n        \"\"\"\n        Mark the final result of verification point in a test case\n        This needs to be called at least once in a test case\n        This should be final test status of the test case\n        \"\"\"\n        self.setResult(result, resultMessage)\n    \n        if \"FAIL\" in self.resultList:\n            self.log.error(testName + \" Test Failed\")\n            self.resultList.clear()\n>           assert True == False\nE           AssertionError\n\n..\\utilities\\casestatus.py:74: AssertionError",
  "flaky" : false,
  "newFailed" : false,
  "beforeStages" : [ {
    "name" : "oneTimeSetUp",
    "time" : {
      "start" : 1589271994677,
      "stop" : 1589272037103,
      "duration" : 42426
    },
    "status" : "passed",
    "steps" : [ ],
    "attachments" : [ ],
    "parameters" : [ ],
    "hasContent" : false,
    "stepsCount" : 0,
    "attachmentsCount" : 0,
    "shouldDisplayMessage" : false
  }, {
    "name" : "_UnitTestCase__pytest_class_setup",
    "time" : {
      "start" : 1589271994677,
      "stop" : 1589271994677,
      "duration" : 0
    },
    "status" : "passed",
    "steps" : [ ],
    "attachments" : [ ],
    "parameters" : [ ],
    "hasContent" : false,
    "stepsCount" : 0,
    "attachmentsCount" : 0,
    "shouldDisplayMessage" : false
  }, {
    "name" : "classSetUp",
    "time" : {
      "start" : 1589272114786,
      "stop" : 1589272114787,
      "duration" : 1
    },
    "status" : "passed",
    "steps" : [ ],
    "attachments" : [ ],
    "parameters" : [ ],
    "hasContent" : false,
    "stepsCount" : 0,
    "attachmentsCount" : 0,
    "shouldDisplayMessage" : false
  }, {
    "name" : "browser",
    "time" : {
      "start" : 1589271994677,
      "stop" : 1589271994677,
      "duration" : 0
    },
    "status" : "passed",
    "steps" : [ ],
    "attachments" : [ ],
    "parameters" : [ ],
    "hasContent" : false,
    "stepsCount" : 0,
    "attachmentsCount" : 0,
    "shouldDisplayMessage" : false
  } ],
  "testStage" : {
    "status" : "failed",
    "statusMessage" : "AssertionError",
    "statusTrace" : "self = <tests.home.footer_test.FooterTests testMethod=test_investorsLink>\n\n    def test_investorsLink(self):\n        result = self.fp.getInvestorsLinkStatus()\n>       self.ts.markFinal(\"test_investorsLink\", result, \"Footer_Verified Investors Link\")\n\nhome\\footer_test.py:68: \n_ _ _ _ _ _ _ _ _ _ _ _ _ _ _ _ _ _ _ _ _ _ _ _ _ _ _ _ _ _ _ _ _ _ _ _ _ _ _ _\n\nself = <utilities.casestatus.CaseStatus object at 0x04AFC990>\ntestName = 'test_investorsLink', result = False\nresultMessage = 'Footer_Verified Investors Link'\n\n    def markFinal(self, testName, result, resultMessage):\n        \"\"\"\n        Mark the final result of verification point in a test case\n        This needs to be called at least once in a test case\n        This should be final test status of the test case\n        \"\"\"\n        self.setResult(result, resultMessage)\n    \n        if \"FAIL\" in self.resultList:\n            self.log.error(testName + \" Test Failed\")\n            self.resultList.clear()\n>           assert True == False\nE           AssertionError\n\n..\\utilities\\casestatus.py:74: AssertionError",
    "steps" : [ ],
    "attachments" : [ {
      "uid" : "1e6a8b347264df8d",
      "name" : "Footer_Verified Investors Link.1589272121333",
      "source" : "1e6a8b347264df8d.png",
      "type" : "image/png",
      "size" : 41938
    }, {
      "uid" : "9caf8c23a1bc27e3",
      "name" : "log",
      "source" : "9caf8c23a1bc27e3.txt",
      "type" : "text/plain",
      "size" : 1427
    } ],
    "parameters" : [ ],
    "hasContent" : true,
    "stepsCount" : 0,
    "attachmentsCount" : 2,
    "shouldDisplayMessage" : true
  },
  "afterStages" : [ {
    "name" : "oneTimeSetUp::0",
    "time" : {
      "start" : 1589272140940,
      "stop" : 1589272143432,
      "duration" : 2492
    },
    "status" : "passed",
    "steps" : [ ],
    "attachments" : [ ],
    "parameters" : [ ],
    "hasContent" : false,
    "stepsCount" : 0,
    "attachmentsCount" : 0,
    "shouldDisplayMessage" : false
  }, {
    "name" : "_UnitTestCase__pytest_class_setup::0",
    "time" : {
      "start" : 1589272143440,
      "stop" : 1589272143441,
      "duration" : 1
    },
    "status" : "passed",
    "steps" : [ ],
    "attachments" : [ ],
    "parameters" : [ ],
    "hasContent" : false,
    "stepsCount" : 0,
    "attachmentsCount" : 0,
    "shouldDisplayMessage" : false
  } ],
  "labels" : [ {
    "name" : "suite",
    "value" : "test_regression_suite"
  }, {
    "name" : "subSuite",
    "value" : "FooterTests"
  }, {
    "name" : "host",
    "value" : "EXIPC0154"
  }, {
    "name" : "thread",
    "value" : "5860-MainThread"
  }, {
    "name" : "framework",
    "value" : "pytest"
  }, {
    "name" : "language",
    "value" : "cpython3"
  }, {
    "name" : "package",
    "value" : "test_regression_suite"
  }, {
    "name" : "resultFormat",
    "value" : "allure2"
  } ],
  "parameters" : [ ],
  "links" : [ ],
  "hidden" : true,
  "retry" : true,
  "extra" : {
    "categories" : [ ],
    "tags" : [ ]
  },
  "source" : "2e01c3267dabb2cd.json",
  "parameterValues" : [ ]
}