{
  "uid" : "33f245ca3666584f",
  "name" : "test_expressYourStyleRedirect",
  "fullName" : "test_regression_suite.HeaderTests#test_expressYourStyleRedirect",
  "historyId" : "63d7861b23718d7014167c5da56a17d4",
  "time" : {
    "start" : 1589253322485,
    "stop" : 1589253334418,
    "duration" : 11933
  },
  "status" : "failed",
  "statusMessage" : "AssertionError",
  "statusTrace" : "self = <tests.home.header_test.HeaderTests testMethod=test_expressYourStyleRedirect>\n\n    def test_expressYourStyleRedirect(self):\n        result = self.hp.verifyExpressYourStyleRedirect()\n        self.ts.markFinal(\"test_expressYourStyleRedirect\", result,\n>                         \"'Express Your Style' redirection test case executed\")\n\nhome\\header_test.py:35: \n_ _ _ _ _ _ _ _ _ _ _ _ _ _ _ _ _ _ _ _ _ _ _ _ _ _ _ _ _ _ _ _ _ _ _ _ _ _ _ _\n\nself = <utilities.casestatus.CaseStatus object at 0x02C5D950>\ntestName = 'test_expressYourStyleRedirect', result = False\nresultMessage = \"'Express Your Style' redirection test case executed\"\n\n    def markFinal(self, testName, result, resultMessage):\n        \"\"\"\n        Mark the final result of verification point in a test case\n        This needs to be called at least once in a test case\n        This should be final test status of the test case\n        \"\"\"\n        self.setResult(result, resultMessage)\n    \n        if \"FAIL\" in self.resultList:\n            self.log.error(testName + \" Test Failed\")\n            self.resultList.clear()\n>           assert True == False\nE           AssertionError\n\n..\\utilities\\casestatus.py:74: AssertionError",
  "flaky" : false,
  "newFailed" : true,
  "beforeStages" : [ {
    "name" : "classSetUp",
    "time" : {
      "start" : 1589253322484,
      "stop" : 1589253322484,
      "duration" : 0
    },
    "status" : "passed",
    "steps" : [ ],
    "attachments" : [ ],
    "parameters" : [ ],
    "stepsCount" : 0,
    "hasContent" : false,
    "attachmentsCount" : 0,
    "shouldDisplayMessage" : false
  }, {
    "name" : "_UnitTestCase__pytest_class_setup",
    "time" : {
      "start" : 1589253222224,
      "stop" : 1589253222224,
      "duration" : 0
    },
    "status" : "passed",
    "steps" : [ ],
    "attachments" : [ ],
    "parameters" : [ ],
    "stepsCount" : 0,
    "hasContent" : false,
    "attachmentsCount" : 0,
    "shouldDisplayMessage" : false
  }, {
    "name" : "browser",
    "time" : {
      "start" : 1589253222225,
      "stop" : 1589253222225,
      "duration" : 0
    },
    "status" : "passed",
    "steps" : [ ],
    "attachments" : [ ],
    "parameters" : [ ],
    "stepsCount" : 0,
    "hasContent" : false,
    "attachmentsCount" : 0,
    "shouldDisplayMessage" : false
  }, {
    "name" : "oneTimeSetUp",
    "time" : {
      "start" : 1589253222225,
      "stop" : 1589253234003,
      "duration" : 11778
    },
    "status" : "passed",
    "steps" : [ ],
    "attachments" : [ ],
    "parameters" : [ ],
    "stepsCount" : 0,
    "hasContent" : false,
    "attachmentsCount" : 0,
    "shouldDisplayMessage" : false
  } ],
  "testStage" : {
    "status" : "failed",
    "statusMessage" : "AssertionError",
    "statusTrace" : "self = <tests.home.header_test.HeaderTests testMethod=test_expressYourStyleRedirect>\n\n    def test_expressYourStyleRedirect(self):\n        result = self.hp.verifyExpressYourStyleRedirect()\n        self.ts.markFinal(\"test_expressYourStyleRedirect\", result,\n>                         \"'Express Your Style' redirection test case executed\")\n\nhome\\header_test.py:35: \n_ _ _ _ _ _ _ _ _ _ _ _ _ _ _ _ _ _ _ _ _ _ _ _ _ _ _ _ _ _ _ _ _ _ _ _ _ _ _ _\n\nself = <utilities.casestatus.CaseStatus object at 0x02C5D950>\ntestName = 'test_expressYourStyleRedirect', result = False\nresultMessage = \"'Express Your Style' redirection test case executed\"\n\n    def markFinal(self, testName, result, resultMessage):\n        \"\"\"\n        Mark the final result of verification point in a test case\n        This needs to be called at least once in a test case\n        This should be final test status of the test case\n        \"\"\"\n        self.setResult(result, resultMessage)\n    \n        if \"FAIL\" in self.resultList:\n            self.log.error(testName + \" Test Failed\")\n            self.resultList.clear()\n>           assert True == False\nE           AssertionError\n\n..\\utilities\\casestatus.py:74: AssertionError",
    "steps" : [ ],
    "attachments" : [ {
      "uid" : "d75e9f3b7e8d2777",
      "name" : "'Express Your Style' redirection test case executed.1589253334415",
      "source" : "d75e9f3b7e8d2777.png",
      "type" : "image/png",
      "size" : 429592
    }, {
      "uid" : "31718e8017e6c8d9",
      "name" : "log",
      "source" : "31718e8017e6c8d9.txt",
      "type" : "text/plain",
      "size" : 1290
    }, {
      "uid" : "98f03f60a48aff2f",
      "name" : "stdout",
      "source" : "98f03f60a48aff2f.txt",
      "type" : "text/plain",
      "size" : 11
    } ],
    "parameters" : [ ],
    "stepsCount" : 0,
    "hasContent" : true,
    "attachmentsCount" : 3,
    "shouldDisplayMessage" : true
  },
  "afterStages" : [ {
    "name" : "_UnitTestCase__pytest_class_setup::0",
    "time" : {
      "start" : 1589253351454,
      "stop" : 1589253351454,
      "duration" : 0
    },
    "status" : "passed",
    "steps" : [ ],
    "attachments" : [ ],
    "parameters" : [ ],
    "stepsCount" : 0,
    "hasContent" : false,
    "attachmentsCount" : 0,
    "shouldDisplayMessage" : false
  }, {
    "name" : "oneTimeSetUp::0",
    "time" : {
      "start" : 1589253349377,
      "stop" : 1589253351445,
      "duration" : 2068
    },
    "status" : "passed",
    "steps" : [ ],
    "attachments" : [ ],
    "parameters" : [ ],
    "stepsCount" : 0,
    "hasContent" : false,
    "attachmentsCount" : 0,
    "shouldDisplayMessage" : false
  } ],
  "labels" : [ {
    "name" : "suite",
    "value" : "test_regression_suite"
  }, {
    "name" : "subSuite",
    "value" : "HeaderTests"
  }, {
    "name" : "host",
    "value" : "EXIPC0154"
  }, {
    "name" : "thread",
    "value" : "16504-MainThread"
  }, {
    "name" : "framework",
    "value" : "pytest"
  }, {
    "name" : "language",
    "value" : "cpython3"
  }, {
    "name" : "package",
    "value" : "test_regression_suite"
  }, {
    "name" : "resultFormat",
    "value" : "allure2"
  } ],
  "parameters" : [ ],
  "links" : [ ],
  "hidden" : false,
  "retry" : false,
  "extra" : {
    "severity" : "normal",
    "retries" : [ {
      "uid" : "965e9cfaaeda76ca",
      "status" : "passed",
      "time" : {
        "start" : 1589216214421,
        "stop" : 1589216214578,
        "duration" : 157
      }
    }, {
      "uid" : "dc2cd6f0b3744ee2",
      "status" : "passed",
      "time" : {
        "start" : 1589207829642,
        "stop" : 1589207829824,
        "duration" : 182
      }
    }, {
      "uid" : "fc046feedca42e8c",
      "status" : "passed",
      "time" : {
        "start" : 1589206368406,
        "stop" : 1589206368567,
        "duration" : 161
      }
    }, {
      "uid" : "9ecc54f97af71b90",
      "status" : "passed",
      "time" : {
        "start" : 1589205418659,
        "stop" : 1589205418821,
        "duration" : 162
      }
    }, {
      "uid" : "ec14e36a2fe660d2",
      "status" : "passed",
      "time" : {
        "start" : 1589203405890,
        "stop" : 1589203406025,
        "duration" : 135
      }
    }, {
      "uid" : "7af3d586ee4074fb",
      "status" : "passed",
      "time" : {
        "start" : 1589163924879,
        "stop" : 1589163925017,
        "duration" : 138
      }
    }, {
      "uid" : "93a968f57739cc74",
      "status" : "passed",
      "time" : {
        "start" : 1589113114067,
        "stop" : 1589113114229,
        "duration" : 162
      }
    }, {
      "uid" : "8c443b055b823475",
      "status" : "passed",
      "time" : {
        "start" : 1588853745279,
        "stop" : 1588853745443,
        "duration" : 164
      }
    }, {
      "uid" : "55e42e56613844e6",
      "status" : "passed",
      "time" : {
        "start" : 1588852433559,
        "stop" : 1588852433713,
        "duration" : 154
      }
    } ],
    "categories" : [ {
      "name" : "Product defects",
      "matchedStatuses" : [ ],
      "flaky" : false
    } ],
    "history" : {
      "statistic" : {
        "failed" : 1,
        "broken" : 0,
        "skipped" : 0,
        "passed" : 9,
        "unknown" : 0,
        "total" : 10
      },
      "items" : [ {
        "uid" : "93f51c1501567531",
        "reportUrl" : "http://localhost:8080/job/MattamyHomes/25/allure/#testresult/93f51c1501567531",
        "status" : "passed",
        "time" : {
          "start" : 1589216214421,
          "stop" : 1589216214578,
          "duration" : 157
        }
      }, {
        "uid" : "4b9a946aeeddeab7",
        "reportUrl" : "http://localhost:8080/job/MattamyHomes/24/allure/#testresult/4b9a946aeeddeab7",
        "status" : "passed",
        "time" : {
          "start" : 1589207829642,
          "stop" : 1589207829824,
          "duration" : 182
        }
      }, {
        "uid" : "83dc5a38a05eb2f9",
        "reportUrl" : "http://localhost:8080/job/MattamyHomes/23/allure/#testresult/83dc5a38a05eb2f9",
        "status" : "passed",
        "time" : {
          "start" : 1589206368406,
          "stop" : 1589206368567,
          "duration" : 161
        }
      }, {
        "uid" : "66471791b77e8435",
        "reportUrl" : "http://localhost:8080/job/MattamyHomes/22/allure/#testresult/66471791b77e8435",
        "status" : "passed",
        "time" : {
          "start" : 1589205418659,
          "stop" : 1589205418821,
          "duration" : 162
        }
      }, {
        "uid" : "25aa6f2df9736428",
        "reportUrl" : "http://localhost:8080/job/MattamyHomes/21/allure/#testresult/25aa6f2df9736428",
        "status" : "passed",
        "time" : {
          "start" : 1589203405890,
          "stop" : 1589203406025,
          "duration" : 135
        }
      }, {
        "uid" : "625cb781f8783d2f",
        "reportUrl" : "http://localhost:8080/job/MattamyHomes/20/allure/#testresult/625cb781f8783d2f",
        "status" : "passed",
        "time" : {
          "start" : 1589163924879,
          "stop" : 1589163925017,
          "duration" : 138
        }
      }, {
        "uid" : "6f85bc9b0f27799b",
        "reportUrl" : "http://localhost:8080/job/MattamyHomes/19/allure/#testresult/6f85bc9b0f27799b",
        "status" : "passed",
        "time" : {
          "start" : 1589113114067,
          "stop" : 1589113114229,
          "duration" : 162
        }
      }, {
        "uid" : "42837515580f2155",
        "reportUrl" : "http://localhost:8080/job/MattamyHomes/18/allure/#testresult/42837515580f2155",
        "status" : "passed",
        "time" : {
          "start" : 1588853745279,
          "stop" : 1588853745443,
          "duration" : 164
        }
      }, {
        "uid" : "e70523c0c72239a7",
        "reportUrl" : "http://localhost:8080/job/MattamyHomes/17/allure/#testresult/e70523c0c72239a7",
        "status" : "passed",
        "time" : {
          "start" : 1588852433559,
          "stop" : 1588852433713,
          "duration" : 154
        }
      } ]
    },
    "tags" : [ ]
  },
  "source" : "33f245ca3666584f.json",
  "parameterValues" : [ ]
}