{
  "uid" : "353aa7d0aa575656",
  "name" : "test_contactUsLink",
  "fullName" : "test_regression_suite.FooterTests#test_contactUsLink",
  "historyId" : "f96e1be7f4eab5e1c56d22dc6b1a0d37",
  "time" : {
    "start" : 1589207719720,
    "stop" : 1589207720609,
    "duration" : 889
  },
  "status" : "failed",
  "statusMessage" : "AssertionError",
  "statusTrace" : "self = <tests.home.footer_test.FooterTests testMethod=test_contactUsLink>\n\n    def test_contactUsLink(self):\n        result = self.fp.getContactUsLinkStatus()\n>       self.ts.markFinal(\"test_contactUsLink\", result, \"Footer_Verified Contact Us Link\")\n\nhome\\footer_test.py:52: \n_ _ _ _ _ _ _ _ _ _ _ _ _ _ _ _ _ _ _ _ _ _ _ _ _ _ _ _ _ _ _ _ _ _ _ _ _ _ _ _\n\nself = <utilities.casestatus.CaseStatus object at 0x02C33950>\ntestName = 'test_contactUsLink', result = False\nresultMessage = 'Footer_Verified Contact Us Link'\n\n    def markFinal(self, testName, result, resultMessage):\n        \"\"\"\n        Mark the final result of verification point in a test case\n        This needs to be called at least once in a test case\n        This should be final test status of the test case\n        \"\"\"\n        self.setResult(result, resultMessage)\n    \n        if \"FAIL\" in self.resultList:\n            self.log.error(testName + \" Test Failed\")\n            self.resultList.clear()\n>           assert True == False\nE           AssertionError\n\n..\\utilities\\casestatus.py:74: AssertionError",
  "flaky" : false,
  "newFailed" : false,
  "beforeStages" : [ {
    "name" : "browser",
    "time" : {
      "start" : 1589207697669,
      "stop" : 1589207697669,
      "duration" : 0
    },
    "status" : "passed",
    "steps" : [ ],
    "attachments" : [ ],
    "parameters" : [ ],
    "attachmentsCount" : 0,
    "shouldDisplayMessage" : false,
    "hasContent" : false,
    "stepsCount" : 0
  }, {
    "name" : "classSetUp",
    "time" : {
      "start" : 1589207719719,
      "stop" : 1589207719719,
      "duration" : 0
    },
    "status" : "passed",
    "steps" : [ ],
    "attachments" : [ ],
    "parameters" : [ ],
    "attachmentsCount" : 0,
    "shouldDisplayMessage" : false,
    "hasContent" : false,
    "stepsCount" : 0
  }, {
    "name" : "oneTimeSetUp",
    "time" : {
      "start" : 1589207697669,
      "stop" : 1589207717915,
      "duration" : 20246
    },
    "status" : "passed",
    "steps" : [ ],
    "attachments" : [ ],
    "parameters" : [ ],
    "attachmentsCount" : 0,
    "shouldDisplayMessage" : false,
    "hasContent" : false,
    "stepsCount" : 0
  }, {
    "name" : "_UnitTestCase__pytest_class_setup",
    "time" : {
      "start" : 1589207697668,
      "stop" : 1589207697669,
      "duration" : 1
    },
    "status" : "passed",
    "steps" : [ ],
    "attachments" : [ ],
    "parameters" : [ ],
    "attachmentsCount" : 0,
    "shouldDisplayMessage" : false,
    "hasContent" : false,
    "stepsCount" : 0
  } ],
  "testStage" : {
    "status" : "failed",
    "statusMessage" : "AssertionError",
    "statusTrace" : "self = <tests.home.footer_test.FooterTests testMethod=test_contactUsLink>\n\n    def test_contactUsLink(self):\n        result = self.fp.getContactUsLinkStatus()\n>       self.ts.markFinal(\"test_contactUsLink\", result, \"Footer_Verified Contact Us Link\")\n\nhome\\footer_test.py:52: \n_ _ _ _ _ _ _ _ _ _ _ _ _ _ _ _ _ _ _ _ _ _ _ _ _ _ _ _ _ _ _ _ _ _ _ _ _ _ _ _\n\nself = <utilities.casestatus.CaseStatus object at 0x02C33950>\ntestName = 'test_contactUsLink', result = False\nresultMessage = 'Footer_Verified Contact Us Link'\n\n    def markFinal(self, testName, result, resultMessage):\n        \"\"\"\n        Mark the final result of verification point in a test case\n        This needs to be called at least once in a test case\n        This should be final test status of the test case\n        \"\"\"\n        self.setResult(result, resultMessage)\n    \n        if \"FAIL\" in self.resultList:\n            self.log.error(testName + \" Test Failed\")\n            self.resultList.clear()\n>           assert True == False\nE           AssertionError\n\n..\\utilities\\casestatus.py:74: AssertionError",
    "steps" : [ ],
    "attachments" : [ {
      "uid" : "9ce089a82d15a022",
      "name" : "Footer_Verified Contact Us Link.1589207720607",
      "source" : "9ce089a82d15a022.png",
      "type" : "image/png",
      "size" : 40915
    }, {
      "uid" : "41f6e5ce4f8e2aad",
      "name" : "log",
      "source" : "41f6e5ce4f8e2aad.txt",
      "type" : "text/plain",
      "size" : 1431
    } ],
    "parameters" : [ ],
    "attachmentsCount" : 2,
    "shouldDisplayMessage" : true,
    "hasContent" : true,
    "stepsCount" : 0
  },
  "afterStages" : [ {
    "name" : "oneTimeSetUp::0",
    "time" : {
      "start" : 1589207742717,
      "stop" : 1589207744869,
      "duration" : 2152
    },
    "status" : "passed",
    "steps" : [ ],
    "attachments" : [ ],
    "parameters" : [ ],
    "attachmentsCount" : 0,
    "shouldDisplayMessage" : false,
    "hasContent" : false,
    "stepsCount" : 0
  }, {
    "name" : "_UnitTestCase__pytest_class_setup::0",
    "time" : {
      "start" : 1589207744876,
      "stop" : 1589207744876,
      "duration" : 0
    },
    "status" : "passed",
    "steps" : [ ],
    "attachments" : [ ],
    "parameters" : [ ],
    "attachmentsCount" : 0,
    "shouldDisplayMessage" : false,
    "hasContent" : false,
    "stepsCount" : 0
  } ],
  "labels" : [ {
    "name" : "suite",
    "value" : "test_regression_suite"
  }, {
    "name" : "subSuite",
    "value" : "FooterTests"
  }, {
    "name" : "host",
    "value" : "EXIPC0154"
  }, {
    "name" : "thread",
    "value" : "8272-MainThread"
  }, {
    "name" : "framework",
    "value" : "pytest"
  }, {
    "name" : "language",
    "value" : "cpython3"
  }, {
    "name" : "package",
    "value" : "test_regression_suite"
  }, {
    "name" : "resultFormat",
    "value" : "allure2"
  } ],
  "parameters" : [ ],
  "links" : [ ],
  "hidden" : false,
  "retry" : false,
  "extra" : {
    "severity" : "normal",
    "retries" : [ {
      "uid" : "b2387c165e9bca88",
      "status" : "failed",
      "statusDetails" : "AssertionError",
      "time" : {
        "start" : 1589206268568,
        "stop" : 1589206269502,
        "duration" : 934
      }
    }, {
      "uid" : "bac862474d64ed7e",
      "status" : "failed",
      "statusDetails" : "AssertionError",
      "time" : {
        "start" : 1589205343784,
        "stop" : 1589205344843,
        "duration" : 1059
      }
    }, {
      "uid" : "2454885a54877126",
      "status" : "failed",
      "statusDetails" : "AssertionError",
      "time" : {
        "start" : 1589203293271,
        "stop" : 1589203294523,
        "duration" : 1252
      }
    }, {
      "uid" : "824ffea7c0b5d448",
      "status" : "failed",
      "statusDetails" : "AssertionError",
      "time" : {
        "start" : 1589163786362,
        "stop" : 1589163787392,
        "duration" : 1030
      }
    }, {
      "uid" : "3b1c7b1be938e4be",
      "status" : "failed",
      "statusDetails" : "AssertionError",
      "time" : {
        "start" : 1589113052644,
        "stop" : 1589113053997,
        "duration" : 1353
      }
    }, {
      "uid" : "6336d3b400f97605",
      "status" : "failed",
      "statusDetails" : "AssertionError",
      "time" : {
        "start" : 1588853651310,
        "stop" : 1588853652275,
        "duration" : 965
      }
    }, {
      "uid" : "40e09a7e003a3872",
      "status" : "failed",
      "statusDetails" : "AssertionError",
      "time" : {
        "start" : 1588852331217,
        "stop" : 1588852332384,
        "duration" : 1167
      }
    } ],
    "categories" : [ {
      "name" : "Product defects",
      "matchedStatuses" : [ ],
      "flaky" : false
    } ],
    "history" : {
      "statistic" : {
        "failed" : 8,
        "broken" : 0,
        "skipped" : 0,
        "passed" : 0,
        "unknown" : 0,
        "total" : 8
      },
      "items" : [ {
        "uid" : "e9a31cf1c6a5b1b2",
        "reportUrl" : "http://localhost:8080/job/MattamyHomes/23/allure/#testresult/e9a31cf1c6a5b1b2",
        "status" : "failed",
        "statusDetails" : "AssertionError",
        "time" : {
          "start" : 1589206268568,
          "stop" : 1589206269502,
          "duration" : 934
        }
      }, {
        "uid" : "29fd0b289812075c",
        "reportUrl" : "http://localhost:8080/job/MattamyHomes/22/allure/#testresult/29fd0b289812075c",
        "status" : "failed",
        "statusDetails" : "AssertionError",
        "time" : {
          "start" : 1589205343784,
          "stop" : 1589205344843,
          "duration" : 1059
        }
      }, {
        "uid" : "e8fce1f0aed6476",
        "reportUrl" : "http://localhost:8080/job/MattamyHomes/21/allure/#testresult/e8fce1f0aed6476",
        "status" : "failed",
        "statusDetails" : "AssertionError",
        "time" : {
          "start" : 1589203293271,
          "stop" : 1589203294523,
          "duration" : 1252
        }
      }, {
        "uid" : "32e9d08929afe41",
        "reportUrl" : "http://localhost:8080/job/MattamyHomes/20/allure/#testresult/32e9d08929afe41",
        "status" : "failed",
        "statusDetails" : "AssertionError",
        "time" : {
          "start" : 1589163786362,
          "stop" : 1589163787392,
          "duration" : 1030
        }
      }, {
        "uid" : "991877c8abd335c7",
        "reportUrl" : "http://localhost:8080/job/MattamyHomes/19/allure/#testresult/991877c8abd335c7",
        "status" : "failed",
        "statusDetails" : "AssertionError",
        "time" : {
          "start" : 1589113052644,
          "stop" : 1589113053997,
          "duration" : 1353
        }
      }, {
        "uid" : "6e90f6944034549e",
        "reportUrl" : "http://localhost:8080/job/MattamyHomes/18/allure/#testresult/6e90f6944034549e",
        "status" : "failed",
        "statusDetails" : "AssertionError",
        "time" : {
          "start" : 1588853651310,
          "stop" : 1588853652275,
          "duration" : 965
        }
      }, {
        "uid" : "6e7a41d2143ba130",
        "reportUrl" : "http://localhost:8080/job/MattamyHomes/17/allure/#testresult/6e7a41d2143ba130",
        "status" : "failed",
        "statusDetails" : "AssertionError",
        "time" : {
          "start" : 1588852331217,
          "stop" : 1588852332384,
          "duration" : 1167
        }
      } ]
    },
    "tags" : [ ]
  },
  "source" : "353aa7d0aa575656.json",
  "parameterValues" : [ ]
}