{
  "uid" : "4442068527b2edf5",
  "name" : "test_FindYourDreamHomeDropdownExist",
  "fullName" : "test_regression_suite.HeaderTests#test_FindYourDreamHomeDropdownExist",
  "historyId" : "64d2000b8f36f3b9c6b50c30a5af008a",
  "time" : {
    "start" : 1591865637318,
    "stop" : 1591865651232,
    "duration" : 13914
  },
  "status" : "failed",
  "statusMessage" : "AssertionError",
  "statusTrace" : "self = <tests.home.header_test.HeaderTests testMethod=test_FindYourDreamHomeDropdownExist>\n\n    def test_FindYourDreamHomeDropdownExist(self):\n        result = self.hp.verifyFYDHElement()\n        self.hp.clickFindYourDreamHome()\n>       self.ts.markFinal(\"test_FindYourDreamHomeDropdownExist\", result,\n                          \"Verify that element exist under 'Find Your Dream Home' dropdown executed\")\n\nhome\\header_test.py:29: \n_ _ _ _ _ _ _ _ _ _ _ _ _ _ _ _ _ _ _ _ _ _ _ _ _ _ _ _ _ _ _ _ _ _ _ _ _ _ _ _\n\nself = <utilities.casestatus.CaseStatus object at 0x000001BD107DD730>\ntestName = 'test_FindYourDreamHomeDropdownExist', result = False\nresultMessage = \"Verify that element exist under 'Find Your Dream Home' dropdown executed\"\n\n    def markFinal(self, testName, result, resultMessage):\n        \"\"\"\n        Mark the final result of verification point in a test case\n        This needs to be called at least once in a test case\n        This should be final test status of the test case\n        \"\"\"\n        self.setResult(result, resultMessage)\n    \n        if \"FAIL\" in self.resultList:\n            self.log.error(testName + \" Test Failed\")\n            self.resultList.clear()\n>           assert True == False\nE           AssertionError\n\n..\\utilities\\casestatus.py:74: AssertionError",
  "flaky" : false,
  "newFailed" : false,
  "beforeStages" : [ {
    "name" : "_UnitTestCase__pytest_class_setup",
    "time" : {
      "start" : 1591865607618,
      "stop" : 1591865607618,
      "duration" : 0
    },
    "status" : "passed",
    "steps" : [ ],
    "attachments" : [ ],
    "parameters" : [ ],
    "stepsCount" : 0,
    "hasContent" : false,
    "shouldDisplayMessage" : false,
    "attachmentsCount" : 0
  }, {
    "name" : "browser",
    "time" : {
      "start" : 1591865607619,
      "stop" : 1591865607619,
      "duration" : 0
    },
    "status" : "passed",
    "steps" : [ ],
    "attachments" : [ ],
    "parameters" : [ ],
    "stepsCount" : 0,
    "hasContent" : false,
    "shouldDisplayMessage" : false,
    "attachmentsCount" : 0
  }, {
    "name" : "classSetUp",
    "time" : {
      "start" : 1591865637316,
      "stop" : 1591865637316,
      "duration" : 0
    },
    "status" : "passed",
    "steps" : [ ],
    "attachments" : [ ],
    "parameters" : [ ],
    "stepsCount" : 0,
    "hasContent" : false,
    "shouldDisplayMessage" : false,
    "attachmentsCount" : 0
  }, {
    "name" : "oneTimeSetUp",
    "time" : {
      "start" : 1591865607619,
      "stop" : 1591865637316,
      "duration" : 29697
    },
    "status" : "passed",
    "steps" : [ ],
    "attachments" : [ ],
    "parameters" : [ ],
    "stepsCount" : 0,
    "hasContent" : false,
    "shouldDisplayMessage" : false,
    "attachmentsCount" : 0
  } ],
  "testStage" : {
    "status" : "failed",
    "statusMessage" : "AssertionError",
    "statusTrace" : "self = <tests.home.header_test.HeaderTests testMethod=test_FindYourDreamHomeDropdownExist>\n\n    def test_FindYourDreamHomeDropdownExist(self):\n        result = self.hp.verifyFYDHElement()\n        self.hp.clickFindYourDreamHome()\n>       self.ts.markFinal(\"test_FindYourDreamHomeDropdownExist\", result,\n                          \"Verify that element exist under 'Find Your Dream Home' dropdown executed\")\n\nhome\\header_test.py:29: \n_ _ _ _ _ _ _ _ _ _ _ _ _ _ _ _ _ _ _ _ _ _ _ _ _ _ _ _ _ _ _ _ _ _ _ _ _ _ _ _\n\nself = <utilities.casestatus.CaseStatus object at 0x000001BD107DD730>\ntestName = 'test_FindYourDreamHomeDropdownExist', result = False\nresultMessage = \"Verify that element exist under 'Find Your Dream Home' dropdown executed\"\n\n    def markFinal(self, testName, result, resultMessage):\n        \"\"\"\n        Mark the final result of verification point in a test case\n        This needs to be called at least once in a test case\n        This should be final test status of the test case\n        \"\"\"\n        self.setResult(result, resultMessage)\n    \n        if \"FAIL\" in self.resultList:\n            self.log.error(testName + \" Test Failed\")\n            self.resultList.clear()\n>           assert True == False\nE           AssertionError\n\n..\\utilities\\casestatus.py:74: AssertionError",
    "steps" : [ ],
    "attachments" : [ {
      "uid" : "567751770eb8d93d",
      "name" : "Verify that element exist under 'Find Your Dream Home' dropdown executed.1591865651230",
      "source" : "567751770eb8d93d.png",
      "type" : "image/png",
      "size" : 506051
    }, {
      "uid" : "3ee07090235f629e",
      "name" : "log",
      "source" : "3ee07090235f629e.txt",
      "type" : "text/plain",
      "size" : 2432
    }, {
      "uid" : "1dad045da0f97a00",
      "name" : "stdout",
      "source" : "1dad045da0f97a00.txt",
      "type" : "text/plain",
      "size" : 22
    } ],
    "parameters" : [ ],
    "stepsCount" : 0,
    "hasContent" : true,
    "shouldDisplayMessage" : true,
    "attachmentsCount" : 3
  },
  "afterStages" : [ {
    "name" : "_UnitTestCase__pytest_class_setup::0",
    "time" : {
      "start" : 1591865685042,
      "stop" : 1591865685042,
      "duration" : 0
    },
    "status" : "passed",
    "steps" : [ ],
    "attachments" : [ ],
    "parameters" : [ ],
    "stepsCount" : 0,
    "hasContent" : false,
    "shouldDisplayMessage" : false,
    "attachmentsCount" : 0
  }, {
    "name" : "oneTimeSetUp::0",
    "time" : {
      "start" : 1591865682879,
      "stop" : 1591865685034,
      "duration" : 2155
    },
    "status" : "passed",
    "steps" : [ ],
    "attachments" : [ ],
    "parameters" : [ ],
    "stepsCount" : 0,
    "hasContent" : false,
    "shouldDisplayMessage" : false,
    "attachmentsCount" : 0
  } ],
  "labels" : [ {
    "name" : "suite",
    "value" : "test_regression_suite"
  }, {
    "name" : "subSuite",
    "value" : "HeaderTests"
  }, {
    "name" : "host",
    "value" : "EXIPC0154"
  }, {
    "name" : "thread",
    "value" : "120-MainThread"
  }, {
    "name" : "framework",
    "value" : "pytest"
  }, {
    "name" : "language",
    "value" : "cpython3"
  }, {
    "name" : "package",
    "value" : "test_regression_suite"
  }, {
    "name" : "resultFormat",
    "value" : "allure2"
  } ],
  "parameters" : [ ],
  "links" : [ ],
  "hidden" : true,
  "retry" : true,
  "extra" : {
    "categories" : [ ],
    "tags" : [ ]
  },
  "source" : "4442068527b2edf5.json",
  "parameterValues" : [ ]
}