{
  "uid" : "488c930a1c770bf7",
  "name" : "test_privacyPolicyLink",
  "fullName" : "test_regression_suite.FooterTests#test_privacyPolicyLink",
  "historyId" : "b1f18d70ace4899566611e7531314bd9",
  "time" : {
    "start" : 1589205361748,
    "stop" : 1589205362612,
    "duration" : 864
  },
  "status" : "failed",
  "statusMessage" : "AssertionError",
  "statusTrace" : "self = <tests.home.footer_test.FooterTests testMethod=test_privacyPolicyLink>\n\n    def test_privacyPolicyLink(self):\n        result = self.fp.getPrivacyLinkStatus()\n>       self.ts.markFinal(\"test_privacyPolicyLink\", result, \"Footer_Verified Privacy Policy Link\")\n\nhome\\footer_test.py:72: \n_ _ _ _ _ _ _ _ _ _ _ _ _ _ _ _ _ _ _ _ _ _ _ _ _ _ _ _ _ _ _ _ _ _ _ _ _ _ _ _\n\nself = <utilities.casestatus.CaseStatus object at 0x032E3770>\ntestName = 'test_privacyPolicyLink', result = False\nresultMessage = 'Footer_Verified Privacy Policy Link'\n\n    def markFinal(self, testName, result, resultMessage):\n        \"\"\"\n        Mark the final result of verification point in a test case\n        This needs to be called at least once in a test case\n        This should be final test status of the test case\n        \"\"\"\n        self.setResult(result, resultMessage)\n    \n        if \"FAIL\" in self.resultList:\n            self.log.error(testName + \" Test Failed\")\n            self.resultList.clear()\n>           assert True == False\nE           AssertionError\n\n..\\utilities\\casestatus.py:74: AssertionError",
  "flaky" : false,
  "newFailed" : false,
  "beforeStages" : [ {
    "name" : "oneTimeSetUp",
    "time" : {
      "start" : 1589205326828,
      "stop" : 1589205341430,
      "duration" : 14602
    },
    "status" : "passed",
    "steps" : [ ],
    "attachments" : [ ],
    "parameters" : [ ],
    "stepsCount" : 0,
    "hasContent" : false,
    "shouldDisplayMessage" : false,
    "attachmentsCount" : 0
  }, {
    "name" : "browser",
    "time" : {
      "start" : 1589205326828,
      "stop" : 1589205326828,
      "duration" : 0
    },
    "status" : "passed",
    "steps" : [ ],
    "attachments" : [ ],
    "parameters" : [ ],
    "stepsCount" : 0,
    "hasContent" : false,
    "shouldDisplayMessage" : false,
    "attachmentsCount" : 0
  }, {
    "name" : "classSetUp",
    "time" : {
      "start" : 1589205361747,
      "stop" : 1589205361747,
      "duration" : 0
    },
    "status" : "passed",
    "steps" : [ ],
    "attachments" : [ ],
    "parameters" : [ ],
    "stepsCount" : 0,
    "hasContent" : false,
    "shouldDisplayMessage" : false,
    "attachmentsCount" : 0
  }, {
    "name" : "_UnitTestCase__pytest_class_setup",
    "time" : {
      "start" : 1589205326827,
      "stop" : 1589205326827,
      "duration" : 0
    },
    "status" : "passed",
    "steps" : [ ],
    "attachments" : [ ],
    "parameters" : [ ],
    "stepsCount" : 0,
    "hasContent" : false,
    "shouldDisplayMessage" : false,
    "attachmentsCount" : 0
  } ],
  "testStage" : {
    "status" : "failed",
    "statusMessage" : "AssertionError",
    "statusTrace" : "self = <tests.home.footer_test.FooterTests testMethod=test_privacyPolicyLink>\n\n    def test_privacyPolicyLink(self):\n        result = self.fp.getPrivacyLinkStatus()\n>       self.ts.markFinal(\"test_privacyPolicyLink\", result, \"Footer_Verified Privacy Policy Link\")\n\nhome\\footer_test.py:72: \n_ _ _ _ _ _ _ _ _ _ _ _ _ _ _ _ _ _ _ _ _ _ _ _ _ _ _ _ _ _ _ _ _ _ _ _ _ _ _ _\n\nself = <utilities.casestatus.CaseStatus object at 0x032E3770>\ntestName = 'test_privacyPolicyLink', result = False\nresultMessage = 'Footer_Verified Privacy Policy Link'\n\n    def markFinal(self, testName, result, resultMessage):\n        \"\"\"\n        Mark the final result of verification point in a test case\n        This needs to be called at least once in a test case\n        This should be final test status of the test case\n        \"\"\"\n        self.setResult(result, resultMessage)\n    \n        if \"FAIL\" in self.resultList:\n            self.log.error(testName + \" Test Failed\")\n            self.resultList.clear()\n>           assert True == False\nE           AssertionError\n\n..\\utilities\\casestatus.py:74: AssertionError",
    "steps" : [ ],
    "attachments" : [ {
      "uid" : "b6cffd4ac16036f5",
      "name" : "Footer_Verified Privacy Policy Link.1589205362608",
      "source" : "b6cffd4ac16036f5.png",
      "type" : "image/png",
      "size" : 40934
    }, {
      "uid" : "f6172b80e33cce1c",
      "name" : "log",
      "source" : "f6172b80e33cce1c.txt",
      "type" : "text/plain",
      "size" : 1451
    } ],
    "parameters" : [ ],
    "stepsCount" : 0,
    "hasContent" : true,
    "shouldDisplayMessage" : true,
    "attachmentsCount" : 2
  },
  "afterStages" : [ {
    "name" : "oneTimeSetUp::0",
    "time" : {
      "start" : 1589205365055,
      "stop" : 1589205367248,
      "duration" : 2193
    },
    "status" : "passed",
    "steps" : [ ],
    "attachments" : [ ],
    "parameters" : [ ],
    "stepsCount" : 0,
    "hasContent" : false,
    "shouldDisplayMessage" : false,
    "attachmentsCount" : 0
  }, {
    "name" : "_UnitTestCase__pytest_class_setup::0",
    "time" : {
      "start" : 1589205367255,
      "stop" : 1589205367255,
      "duration" : 0
    },
    "status" : "passed",
    "steps" : [ ],
    "attachments" : [ ],
    "parameters" : [ ],
    "stepsCount" : 0,
    "hasContent" : false,
    "shouldDisplayMessage" : false,
    "attachmentsCount" : 0
  } ],
  "labels" : [ {
    "name" : "suite",
    "value" : "test_regression_suite"
  }, {
    "name" : "subSuite",
    "value" : "FooterTests"
  }, {
    "name" : "host",
    "value" : "EXIPC0154"
  }, {
    "name" : "thread",
    "value" : "15832-MainThread"
  }, {
    "name" : "framework",
    "value" : "pytest"
  }, {
    "name" : "language",
    "value" : "cpython3"
  }, {
    "name" : "package",
    "value" : "test_regression_suite"
  }, {
    "name" : "resultFormat",
    "value" : "allure2"
  } ],
  "parameters" : [ ],
  "links" : [ ],
  "hidden" : false,
  "retry" : false,
  "extra" : {
    "severity" : "normal",
    "retries" : [ {
      "uid" : "888ca2b2a1cf3cc5",
      "status" : "failed",
      "statusDetails" : "AssertionError",
      "time" : {
        "start" : 1589203309624,
        "stop" : 1589203310462,
        "duration" : 838
      }
    }, {
      "uid" : "ff2a73d337189d38",
      "status" : "failed",
      "statusDetails" : "AssertionError",
      "time" : {
        "start" : 1589163802743,
        "stop" : 1589163803615,
        "duration" : 872
      }
    }, {
      "uid" : "6c8f352a381bf5f1",
      "status" : "failed",
      "statusDetails" : "AssertionError",
      "time" : {
        "start" : 1589113071837,
        "stop" : 1589113072783,
        "duration" : 946
      }
    }, {
      "uid" : "1a1c97d1208aa836",
      "status" : "failed",
      "statusDetails" : "AssertionError",
      "time" : {
        "start" : 1588853678758,
        "stop" : 1588853679538,
        "duration" : 780
      }
    }, {
      "uid" : "c345401a99470a83",
      "status" : "failed",
      "statusDetails" : "AssertionError",
      "time" : {
        "start" : 1588852352716,
        "stop" : 1588852353685,
        "duration" : 969
      }
    } ],
    "categories" : [ {
      "name" : "Product defects",
      "matchedStatuses" : [ ],
      "flaky" : false
    } ],
    "history" : {
      "statistic" : {
        "failed" : 6,
        "broken" : 0,
        "skipped" : 0,
        "passed" : 0,
        "unknown" : 0,
        "total" : 6
      },
      "items" : [ {
        "uid" : "38449fd30d9bd64d",
        "reportUrl" : "http://localhost:8080/job/MattamyHomes/21/allure/#testresult/38449fd30d9bd64d",
        "status" : "failed",
        "statusDetails" : "AssertionError",
        "time" : {
          "start" : 1589203309624,
          "stop" : 1589203310462,
          "duration" : 838
        }
      }, {
        "uid" : "9a044605139a40ba",
        "reportUrl" : "http://localhost:8080/job/MattamyHomes/20/allure/#testresult/9a044605139a40ba",
        "status" : "failed",
        "statusDetails" : "AssertionError",
        "time" : {
          "start" : 1589163802743,
          "stop" : 1589163803615,
          "duration" : 872
        }
      }, {
        "uid" : "a4e2965182ca97db",
        "reportUrl" : "http://localhost:8080/job/MattamyHomes/19/allure/#testresult/a4e2965182ca97db",
        "status" : "failed",
        "statusDetails" : "AssertionError",
        "time" : {
          "start" : 1589113071837,
          "stop" : 1589113072783,
          "duration" : 946
        }
      }, {
        "uid" : "b9cc5058bcbab308",
        "reportUrl" : "http://localhost:8080/job/MattamyHomes/18/allure/#testresult/b9cc5058bcbab308",
        "status" : "failed",
        "statusDetails" : "AssertionError",
        "time" : {
          "start" : 1588853678758,
          "stop" : 1588853679538,
          "duration" : 780
        }
      }, {
        "uid" : "8aed02a4b64b79e4",
        "reportUrl" : "http://localhost:8080/job/MattamyHomes/17/allure/#testresult/8aed02a4b64b79e4",
        "status" : "failed",
        "statusDetails" : "AssertionError",
        "time" : {
          "start" : 1588852352716,
          "stop" : 1588852353685,
          "duration" : 969
        }
      } ]
    },
    "tags" : [ ]
  },
  "source" : "488c930a1c770bf7.json",
  "parameterValues" : [ ]
}