{
  "uid" : "4aad153fb1ab5a80",
  "name" : "test_privacyPolicyLink",
  "fullName" : "test_regression_suite.FooterTests#test_privacyPolicyLink",
  "historyId" : "b1f18d70ace4899566611e7531314bd9",
  "time" : {
    "start" : 1594553502379,
    "stop" : 1594553527286,
    "duration" : 24907
  },
  "status" : "failed",
  "statusMessage" : "AssertionError",
  "statusTrace" : "self = <tests.home.footer_test.FooterTests testMethod=test_privacyPolicyLink>\n\n    def test_privacyPolicyLink(self):\n        result = self.fp.getPrivacyLinkStatus()\n>       self.ts.markFinal(\"test_privacyPolicyLink\", result, \"Footer_Verified Privacy Policy Link\")\n\nhome\\footer_test.py:72: \n_ _ _ _ _ _ _ _ _ _ _ _ _ _ _ _ _ _ _ _ _ _ _ _ _ _ _ _ _ _ _ _ _ _ _ _ _ _ _ _\n\nself = <utilities.casestatus.CaseStatus object at 0x00000265C2E3AD30>\ntestName = 'test_privacyPolicyLink', result = False\nresultMessage = 'Footer_Verified Privacy Policy Link'\n\n    def markFinal(self, testName, result, resultMessage):\n        \"\"\"\n        Mark the final result of verification point in a test case\n        This needs to be called at least once in a test case\n        This should be final test status of the test case\n        \"\"\"\n        self.setResult(result, resultMessage)\n    \n        if \"FAIL\" in self.resultList:\n            self.log.error(testName + \" Test Failed\")\n            self.resultList.clear()\n>           assert True == False\nE           AssertionError\n\n..\\utilities\\casestatus.py:74: AssertionError",
  "flaky" : false,
  "newFailed" : false,
  "beforeStages" : [ {
    "name" : "oneTimeSetUp",
    "time" : {
      "start" : 1594553141827,
      "stop" : 1594553177412,
      "duration" : 35585
    },
    "status" : "passed",
    "steps" : [ ],
    "attachments" : [ ],
    "parameters" : [ ],
    "shouldDisplayMessage" : false,
    "attachmentsCount" : 0,
    "hasContent" : false,
    "stepsCount" : 0
  }, {
    "name" : "_UnitTestCase__pytest_class_setup",
    "time" : {
      "start" : 1594553141826,
      "stop" : 1594553141826,
      "duration" : 0
    },
    "status" : "passed",
    "steps" : [ ],
    "attachments" : [ ],
    "parameters" : [ ],
    "shouldDisplayMessage" : false,
    "attachmentsCount" : 0,
    "hasContent" : false,
    "stepsCount" : 0
  }, {
    "name" : "browser",
    "time" : {
      "start" : 1594553141826,
      "stop" : 1594553141827,
      "duration" : 1
    },
    "status" : "passed",
    "steps" : [ ],
    "attachments" : [ ],
    "parameters" : [ ],
    "shouldDisplayMessage" : false,
    "attachmentsCount" : 0,
    "hasContent" : false,
    "stepsCount" : 0
  }, {
    "name" : "classSetUp",
    "time" : {
      "start" : 1594553502379,
      "stop" : 1594553502379,
      "duration" : 0
    },
    "status" : "passed",
    "steps" : [ ],
    "attachments" : [ ],
    "parameters" : [ ],
    "shouldDisplayMessage" : false,
    "attachmentsCount" : 0,
    "hasContent" : false,
    "stepsCount" : 0
  } ],
  "testStage" : {
    "status" : "failed",
    "statusMessage" : "AssertionError",
    "statusTrace" : "self = <tests.home.footer_test.FooterTests testMethod=test_privacyPolicyLink>\n\n    def test_privacyPolicyLink(self):\n        result = self.fp.getPrivacyLinkStatus()\n>       self.ts.markFinal(\"test_privacyPolicyLink\", result, \"Footer_Verified Privacy Policy Link\")\n\nhome\\footer_test.py:72: \n_ _ _ _ _ _ _ _ _ _ _ _ _ _ _ _ _ _ _ _ _ _ _ _ _ _ _ _ _ _ _ _ _ _ _ _ _ _ _ _\n\nself = <utilities.casestatus.CaseStatus object at 0x00000265C2E3AD30>\ntestName = 'test_privacyPolicyLink', result = False\nresultMessage = 'Footer_Verified Privacy Policy Link'\n\n    def markFinal(self, testName, result, resultMessage):\n        \"\"\"\n        Mark the final result of verification point in a test case\n        This needs to be called at least once in a test case\n        This should be final test status of the test case\n        \"\"\"\n        self.setResult(result, resultMessage)\n    \n        if \"FAIL\" in self.resultList:\n            self.log.error(testName + \" Test Failed\")\n            self.resultList.clear()\n>           assert True == False\nE           AssertionError\n\n..\\utilities\\casestatus.py:74: AssertionError",
    "steps" : [ ],
    "attachments" : [ {
      "uid" : "c8084af4b1718df3",
      "name" : "Footer_Verified Privacy Policy Link.1594553527284",
      "source" : "c8084af4b1718df3.png",
      "type" : "image/png",
      "size" : 4195
    }, {
      "uid" : "3de9e3b944ab5ac5",
      "name" : "log",
      "source" : "3de9e3b944ab5ac5.txt",
      "type" : "text/plain",
      "size" : 1168
    }, {
      "uid" : "1495ab26e7141a7d",
      "name" : "stdout",
      "source" : "1495ab26e7141a7d.txt",
      "type" : "text/plain",
      "size" : 22
    } ],
    "parameters" : [ ],
    "shouldDisplayMessage" : true,
    "attachmentsCount" : 3,
    "hasContent" : true,
    "stepsCount" : 0
  },
  "afterStages" : [ {
    "name" : "oneTimeSetUp::0",
    "time" : {
      "start" : 1594553577334,
      "stop" : 1594553579522,
      "duration" : 2188
    },
    "status" : "passed",
    "steps" : [ ],
    "attachments" : [ ],
    "parameters" : [ ],
    "shouldDisplayMessage" : false,
    "attachmentsCount" : 0,
    "hasContent" : false,
    "stepsCount" : 0
  }, {
    "name" : "_UnitTestCase__pytest_class_setup::0",
    "time" : {
      "start" : 1594553579529,
      "stop" : 1594553579529,
      "duration" : 0
    },
    "status" : "passed",
    "steps" : [ ],
    "attachments" : [ ],
    "parameters" : [ ],
    "shouldDisplayMessage" : false,
    "attachmentsCount" : 0,
    "hasContent" : false,
    "stepsCount" : 0
  } ],
  "labels" : [ {
    "name" : "suite",
    "value" : "test_regression_suite"
  }, {
    "name" : "subSuite",
    "value" : "FooterTests"
  }, {
    "name" : "host",
    "value" : "EXIPC0154"
  }, {
    "name" : "thread",
    "value" : "17280-MainThread"
  }, {
    "name" : "framework",
    "value" : "pytest"
  }, {
    "name" : "language",
    "value" : "cpython3"
  }, {
    "name" : "package",
    "value" : "test_regression_suite"
  }, {
    "name" : "resultFormat",
    "value" : "allure2"
  } ],
  "parameters" : [ ],
  "links" : [ ],
  "hidden" : true,
  "retry" : true,
  "extra" : {
    "categories" : [ ],
    "tags" : [ ]
  },
  "source" : "4aad153fb1ab5a80.json",
  "parameterValues" : [ ]
}