{
  "uid" : "767f3cc916aa07fc",
  "name" : "test_emailSignupLink",
  "fullName" : "test_regression_suite.FooterTests#test_emailSignupLink",
  "historyId" : "960a8c3a779ce8e87f3141841fa42fc2",
  "time" : {
    "start" : 1596789026503,
    "stop" : 1596789049987,
    "duration" : 23484
  },
  "status" : "failed",
  "statusMessage" : "AssertionError",
  "statusTrace" : "self = <tests.home.footer_test.FooterTests testMethod=test_emailSignupLink>\n\n    def test_emailSignupLink(self):\n        result = self.fp.getEmailSignupLinkStatus()\n>       self.ts.markFinal(\"test_emailSignupLink\", result, \"Footer_Verified Homeowners Link\")\n\nhome\\footer_test.py:48: \n_ _ _ _ _ _ _ _ _ _ _ _ _ _ _ _ _ _ _ _ _ _ _ _ _ _ _ _ _ _ _ _ _ _ _ _ _ _ _ _\n\nself = <utilities.casestatus.CaseStatus object at 0x000001C4BB9279D0>\ntestName = 'test_emailSignupLink', result = False\nresultMessage = 'Footer_Verified Homeowners Link'\n\n    def markFinal(self, testName, result, resultMessage):\n        \"\"\"\n        Mark the final result of verification point in a test case\n        This needs to be called at least once in a test case\n        This should be final test status of the test case\n        \"\"\"\n        self.setResult(result, resultMessage)\n    \n        if \"FAIL\" in self.resultList:\n            self.log.error(testName + \" Test Failed\")\n            self.resultList.clear()\n>           assert True == False\nE           AssertionError\n\n..\\utilities\\casestatus.py:74: AssertionError",
  "flaky" : false,
  "newFailed" : false,
  "beforeStages" : [ {
    "name" : "_UnitTestCase__pytest_class_setup",
    "time" : {
      "start" : 1596788917078,
      "stop" : 1596788917079,
      "duration" : 1
    },
    "status" : "passed",
    "steps" : [ ],
    "attachments" : [ ],
    "parameters" : [ ],
    "hasContent" : false,
    "stepsCount" : 0,
    "shouldDisplayMessage" : false,
    "attachmentsCount" : 0
  }, {
    "name" : "browser",
    "time" : {
      "start" : 1596788917079,
      "stop" : 1596788917079,
      "duration" : 0
    },
    "status" : "passed",
    "steps" : [ ],
    "attachments" : [ ],
    "parameters" : [ ],
    "hasContent" : false,
    "stepsCount" : 0,
    "shouldDisplayMessage" : false,
    "attachmentsCount" : 0
  }, {
    "name" : "oneTimeSetUp",
    "time" : {
      "start" : 1596788917079,
      "stop" : 1596788940443,
      "duration" : 23364
    },
    "status" : "passed",
    "steps" : [ ],
    "attachments" : [ ],
    "parameters" : [ ],
    "hasContent" : false,
    "stepsCount" : 0,
    "shouldDisplayMessage" : false,
    "attachmentsCount" : 0
  }, {
    "name" : "classSetUp",
    "time" : {
      "start" : 1596789026502,
      "stop" : 1596789026502,
      "duration" : 0
    },
    "status" : "passed",
    "steps" : [ ],
    "attachments" : [ ],
    "parameters" : [ ],
    "hasContent" : false,
    "stepsCount" : 0,
    "shouldDisplayMessage" : false,
    "attachmentsCount" : 0
  } ],
  "testStage" : {
    "status" : "failed",
    "statusMessage" : "AssertionError",
    "statusTrace" : "self = <tests.home.footer_test.FooterTests testMethod=test_emailSignupLink>\n\n    def test_emailSignupLink(self):\n        result = self.fp.getEmailSignupLinkStatus()\n>       self.ts.markFinal(\"test_emailSignupLink\", result, \"Footer_Verified Homeowners Link\")\n\nhome\\footer_test.py:48: \n_ _ _ _ _ _ _ _ _ _ _ _ _ _ _ _ _ _ _ _ _ _ _ _ _ _ _ _ _ _ _ _ _ _ _ _ _ _ _ _\n\nself = <utilities.casestatus.CaseStatus object at 0x000001C4BB9279D0>\ntestName = 'test_emailSignupLink', result = False\nresultMessage = 'Footer_Verified Homeowners Link'\n\n    def markFinal(self, testName, result, resultMessage):\n        \"\"\"\n        Mark the final result of verification point in a test case\n        This needs to be called at least once in a test case\n        This should be final test status of the test case\n        \"\"\"\n        self.setResult(result, resultMessage)\n    \n        if \"FAIL\" in self.resultList:\n            self.log.error(testName + \" Test Failed\")\n            self.resultList.clear()\n>           assert True == False\nE           AssertionError\n\n..\\utilities\\casestatus.py:74: AssertionError",
    "steps" : [ ],
    "attachments" : [ {
      "uid" : "6bc49bcde1f22045",
      "name" : "Footer_Verified Homeowners Link.1596789049984",
      "source" : "6bc49bcde1f22045.png",
      "type" : "image/png",
      "size" : 179528
    }, {
      "uid" : "c659e5f073585a51",
      "name" : "log",
      "source" : "c659e5f073585a51.txt",
      "type" : "text/plain",
      "size" : 1156
    }, {
      "uid" : "6eb4da67b99e18f4",
      "name" : "stdout",
      "source" : "6eb4da67b99e18f4.txt",
      "type" : "text/plain",
      "size" : 22
    } ],
    "parameters" : [ ],
    "hasContent" : true,
    "stepsCount" : 0,
    "shouldDisplayMessage" : true,
    "attachmentsCount" : 3
  },
  "afterStages" : [ {
    "name" : "_UnitTestCase__pytest_class_setup::0",
    "time" : {
      "start" : 1596789339733,
      "stop" : 1596789339733,
      "duration" : 0
    },
    "status" : "passed",
    "steps" : [ ],
    "attachments" : [ ],
    "parameters" : [ ],
    "hasContent" : false,
    "stepsCount" : 0,
    "shouldDisplayMessage" : false,
    "attachmentsCount" : 0
  }, {
    "name" : "oneTimeSetUp::0",
    "time" : {
      "start" : 1596789337521,
      "stop" : 1596789339728,
      "duration" : 2207
    },
    "status" : "passed",
    "steps" : [ ],
    "attachments" : [ ],
    "parameters" : [ ],
    "hasContent" : false,
    "stepsCount" : 0,
    "shouldDisplayMessage" : false,
    "attachmentsCount" : 0
  } ],
  "labels" : [ {
    "name" : "suite",
    "value" : "test_regression_suite"
  }, {
    "name" : "subSuite",
    "value" : "FooterTests"
  }, {
    "name" : "host",
    "value" : "EXIPC0154"
  }, {
    "name" : "thread",
    "value" : "7364-MainThread"
  }, {
    "name" : "framework",
    "value" : "pytest"
  }, {
    "name" : "language",
    "value" : "cpython3"
  }, {
    "name" : "package",
    "value" : "test_regression_suite"
  }, {
    "name" : "resultFormat",
    "value" : "allure2"
  } ],
  "parameters" : [ ],
  "links" : [ ],
  "hidden" : true,
  "retry" : true,
  "extra" : {
    "categories" : [ ],
    "tags" : [ ]
  },
  "source" : "767f3cc916aa07fc.json",
  "parameterValues" : [ ]
}