{
  "uid" : "817572a38361a639",
  "name" : "test_experienceMattamyRedirect",
  "fullName" : "test_regression_suite.HeaderTests#test_experienceMattamyRedirect",
  "historyId" : "7b30fd80d841cf92e096bbd69f997293",
  "time" : {
    "start" : 1592555927843,
    "stop" : 1592555940667,
    "duration" : 12824
  },
  "status" : "failed",
  "statusMessage" : "AssertionError",
  "statusTrace" : "self = <tests.home.header_test.HeaderTests testMethod=test_experienceMattamyRedirect>\n\n    def test_experienceMattamyRedirect(self):\n        result = self.hp.verifyExperienceMattamyRedirect()\n>       self.ts.markFinal(\"test_experienceMattamyRedirect\", result,\n                          \"'Experience Mattamy' redirection test case executed\")\n\nhome\\header_test.py:44: \n_ _ _ _ _ _ _ _ _ _ _ _ _ _ _ _ _ _ _ _ _ _ _ _ _ _ _ _ _ _ _ _ _ _ _ _ _ _ _ _\n\nself = <utilities.casestatus.CaseStatus object at 0x0000022EA2A4BFD0>\ntestName = 'test_experienceMattamyRedirect', result = False\nresultMessage = \"'Experience Mattamy' redirection test case executed\"\n\n    def markFinal(self, testName, result, resultMessage):\n        \"\"\"\n        Mark the final result of verification point in a test case\n        This needs to be called at least once in a test case\n        This should be final test status of the test case\n        \"\"\"\n        self.setResult(result, resultMessage)\n    \n        if \"FAIL\" in self.resultList:\n            self.log.error(testName + \" Test Failed\")\n            self.resultList.clear()\n>           assert True == False\nE           AssertionError\n\n..\\utilities\\casestatus.py:74: AssertionError",
  "flaky" : false,
  "newFailed" : false,
  "beforeStages" : [ {
    "name" : "_UnitTestCase__pytest_class_setup",
    "time" : {
      "start" : 1592555769123,
      "stop" : 1592555769124,
      "duration" : 1
    },
    "status" : "passed",
    "steps" : [ ],
    "attachments" : [ ],
    "parameters" : [ ],
    "shouldDisplayMessage" : false,
    "attachmentsCount" : 0,
    "hasContent" : false,
    "stepsCount" : 0
  }, {
    "name" : "oneTimeSetUp",
    "time" : {
      "start" : 1592555769124,
      "stop" : 1592555794275,
      "duration" : 25151
    },
    "status" : "passed",
    "steps" : [ ],
    "attachments" : [ ],
    "parameters" : [ ],
    "shouldDisplayMessage" : false,
    "attachmentsCount" : 0,
    "hasContent" : false,
    "stepsCount" : 0
  }, {
    "name" : "classSetUp",
    "time" : {
      "start" : 1592555927841,
      "stop" : 1592555927842,
      "duration" : 1
    },
    "status" : "passed",
    "steps" : [ ],
    "attachments" : [ ],
    "parameters" : [ ],
    "shouldDisplayMessage" : false,
    "attachmentsCount" : 0,
    "hasContent" : false,
    "stepsCount" : 0
  }, {
    "name" : "browser",
    "time" : {
      "start" : 1592555769124,
      "stop" : 1592555769124,
      "duration" : 0
    },
    "status" : "passed",
    "steps" : [ ],
    "attachments" : [ ],
    "parameters" : [ ],
    "shouldDisplayMessage" : false,
    "attachmentsCount" : 0,
    "hasContent" : false,
    "stepsCount" : 0
  } ],
  "testStage" : {
    "status" : "failed",
    "statusMessage" : "AssertionError",
    "statusTrace" : "self = <tests.home.header_test.HeaderTests testMethod=test_experienceMattamyRedirect>\n\n    def test_experienceMattamyRedirect(self):\n        result = self.hp.verifyExperienceMattamyRedirect()\n>       self.ts.markFinal(\"test_experienceMattamyRedirect\", result,\n                          \"'Experience Mattamy' redirection test case executed\")\n\nhome\\header_test.py:44: \n_ _ _ _ _ _ _ _ _ _ _ _ _ _ _ _ _ _ _ _ _ _ _ _ _ _ _ _ _ _ _ _ _ _ _ _ _ _ _ _\n\nself = <utilities.casestatus.CaseStatus object at 0x0000022EA2A4BFD0>\ntestName = 'test_experienceMattamyRedirect', result = False\nresultMessage = \"'Experience Mattamy' redirection test case executed\"\n\n    def markFinal(self, testName, result, resultMessage):\n        \"\"\"\n        Mark the final result of verification point in a test case\n        This needs to be called at least once in a test case\n        This should be final test status of the test case\n        \"\"\"\n        self.setResult(result, resultMessage)\n    \n        if \"FAIL\" in self.resultList:\n            self.log.error(testName + \" Test Failed\")\n            self.resultList.clear()\n>           assert True == False\nE           AssertionError\n\n..\\utilities\\casestatus.py:74: AssertionError",
    "steps" : [ ],
    "attachments" : [ {
      "uid" : "5aacbc0f553aeee",
      "name" : "'Experience Mattamy' redirection test case executed.1592555940665",
      "source" : "5aacbc0f553aeee.png",
      "type" : "image/png",
      "size" : 15607
    }, {
      "uid" : "9a2ce88a8287b32e",
      "name" : "log",
      "source" : "9a2ce88a8287b32e.txt",
      "type" : "text/plain",
      "size" : 1143
    }, {
      "uid" : "89a8eb65da6b137",
      "name" : "stdout",
      "source" : "89a8eb65da6b137.txt",
      "type" : "text/plain",
      "size" : 11
    } ],
    "parameters" : [ ],
    "shouldDisplayMessage" : true,
    "attachmentsCount" : 3,
    "hasContent" : true,
    "stepsCount" : 0
  },
  "afterStages" : [ {
    "name" : "_UnitTestCase__pytest_class_setup::0",
    "time" : {
      "start" : 1592555968377,
      "stop" : 1592555968377,
      "duration" : 0
    },
    "status" : "passed",
    "steps" : [ ],
    "attachments" : [ ],
    "parameters" : [ ],
    "shouldDisplayMessage" : false,
    "attachmentsCount" : 0,
    "hasContent" : false,
    "stepsCount" : 0
  }, {
    "name" : "oneTimeSetUp::0",
    "time" : {
      "start" : 1592555966218,
      "stop" : 1592555968370,
      "duration" : 2152
    },
    "status" : "passed",
    "steps" : [ ],
    "attachments" : [ ],
    "parameters" : [ ],
    "shouldDisplayMessage" : false,
    "attachmentsCount" : 0,
    "hasContent" : false,
    "stepsCount" : 0
  } ],
  "labels" : [ {
    "name" : "suite",
    "value" : "test_regression_suite"
  }, {
    "name" : "subSuite",
    "value" : "HeaderTests"
  }, {
    "name" : "host",
    "value" : "EXIPC0154"
  }, {
    "name" : "thread",
    "value" : "2384-MainThread"
  }, {
    "name" : "framework",
    "value" : "pytest"
  }, {
    "name" : "language",
    "value" : "cpython3"
  }, {
    "name" : "package",
    "value" : "test_regression_suite"
  }, {
    "name" : "resultFormat",
    "value" : "allure2"
  } ],
  "parameters" : [ ],
  "links" : [ ],
  "hidden" : true,
  "retry" : true,
  "extra" : {
    "categories" : [ ],
    "tags" : [ ]
  },
  "source" : "817572a38361a639.json",
  "parameterValues" : [ ]
}