{
  "uid" : "819558f1a02380db",
  "name" : "test_emailSignupLink",
  "fullName" : "test_regression_suite.FooterTests#test_emailSignupLink",
  "historyId" : "960a8c3a779ce8e87f3141841fa42fc2",
  "time" : {
    "start" : 1594553263962,
    "stop" : 1594553287816,
    "duration" : 23854
  },
  "status" : "failed",
  "statusMessage" : "AssertionError",
  "statusTrace" : "self = <tests.home.footer_test.FooterTests testMethod=test_emailSignupLink>\n\n    def test_emailSignupLink(self):\n        result = self.fp.getEmailSignupLinkStatus()\n>       self.ts.markFinal(\"test_emailSignupLink\", result, \"Footer_Verified Homeowners Link\")\n\nhome\\footer_test.py:48: \n_ _ _ _ _ _ _ _ _ _ _ _ _ _ _ _ _ _ _ _ _ _ _ _ _ _ _ _ _ _ _ _ _ _ _ _ _ _ _ _\n\nself = <utilities.casestatus.CaseStatus object at 0x00000265C2DC1760>\ntestName = 'test_emailSignupLink', result = False\nresultMessage = 'Footer_Verified Homeowners Link'\n\n    def markFinal(self, testName, result, resultMessage):\n        \"\"\"\n        Mark the final result of verification point in a test case\n        This needs to be called at least once in a test case\n        This should be final test status of the test case\n        \"\"\"\n        self.setResult(result, resultMessage)\n    \n        if \"FAIL\" in self.resultList:\n            self.log.error(testName + \" Test Failed\")\n            self.resultList.clear()\n>           assert True == False\nE           AssertionError\n\n..\\utilities\\casestatus.py:74: AssertionError",
  "flaky" : false,
  "newFailed" : false,
  "beforeStages" : [ {
    "name" : "oneTimeSetUp",
    "time" : {
      "start" : 1594553141827,
      "stop" : 1594553177412,
      "duration" : 35585
    },
    "status" : "passed",
    "steps" : [ ],
    "attachments" : [ ],
    "parameters" : [ ],
    "attachmentsCount" : 0,
    "shouldDisplayMessage" : false,
    "hasContent" : false,
    "stepsCount" : 0
  }, {
    "name" : "_UnitTestCase__pytest_class_setup",
    "time" : {
      "start" : 1594553141826,
      "stop" : 1594553141826,
      "duration" : 0
    },
    "status" : "passed",
    "steps" : [ ],
    "attachments" : [ ],
    "parameters" : [ ],
    "attachmentsCount" : 0,
    "shouldDisplayMessage" : false,
    "hasContent" : false,
    "stepsCount" : 0
  }, {
    "name" : "browser",
    "time" : {
      "start" : 1594553141826,
      "stop" : 1594553141827,
      "duration" : 1
    },
    "status" : "passed",
    "steps" : [ ],
    "attachments" : [ ],
    "parameters" : [ ],
    "attachmentsCount" : 0,
    "shouldDisplayMessage" : false,
    "hasContent" : false,
    "stepsCount" : 0
  }, {
    "name" : "classSetUp",
    "time" : {
      "start" : 1594553263961,
      "stop" : 1594553263961,
      "duration" : 0
    },
    "status" : "passed",
    "steps" : [ ],
    "attachments" : [ ],
    "parameters" : [ ],
    "attachmentsCount" : 0,
    "shouldDisplayMessage" : false,
    "hasContent" : false,
    "stepsCount" : 0
  } ],
  "testStage" : {
    "status" : "failed",
    "statusMessage" : "AssertionError",
    "statusTrace" : "self = <tests.home.footer_test.FooterTests testMethod=test_emailSignupLink>\n\n    def test_emailSignupLink(self):\n        result = self.fp.getEmailSignupLinkStatus()\n>       self.ts.markFinal(\"test_emailSignupLink\", result, \"Footer_Verified Homeowners Link\")\n\nhome\\footer_test.py:48: \n_ _ _ _ _ _ _ _ _ _ _ _ _ _ _ _ _ _ _ _ _ _ _ _ _ _ _ _ _ _ _ _ _ _ _ _ _ _ _ _\n\nself = <utilities.casestatus.CaseStatus object at 0x00000265C2DC1760>\ntestName = 'test_emailSignupLink', result = False\nresultMessage = 'Footer_Verified Homeowners Link'\n\n    def markFinal(self, testName, result, resultMessage):\n        \"\"\"\n        Mark the final result of verification point in a test case\n        This needs to be called at least once in a test case\n        This should be final test status of the test case\n        \"\"\"\n        self.setResult(result, resultMessage)\n    \n        if \"FAIL\" in self.resultList:\n            self.log.error(testName + \" Test Failed\")\n            self.resultList.clear()\n>           assert True == False\nE           AssertionError\n\n..\\utilities\\casestatus.py:74: AssertionError",
    "steps" : [ ],
    "attachments" : [ {
      "uid" : "28546d6a49212ca6",
      "name" : "Footer_Verified Homeowners Link.1594553287814",
      "source" : "28546d6a49212ca6.png",
      "type" : "image/png",
      "size" : 232602
    }, {
      "uid" : "aa128f7302a2a3ca",
      "name" : "log",
      "source" : "aa128f7302a2a3ca.txt",
      "type" : "text/plain",
      "size" : 1156
    }, {
      "uid" : "c21b0a54eb29ff12",
      "name" : "stdout",
      "source" : "c21b0a54eb29ff12.txt",
      "type" : "text/plain",
      "size" : 22
    } ],
    "parameters" : [ ],
    "attachmentsCount" : 3,
    "shouldDisplayMessage" : true,
    "hasContent" : true,
    "stepsCount" : 0
  },
  "afterStages" : [ {
    "name" : "oneTimeSetUp::0",
    "time" : {
      "start" : 1594553577334,
      "stop" : 1594553579522,
      "duration" : 2188
    },
    "status" : "passed",
    "steps" : [ ],
    "attachments" : [ ],
    "parameters" : [ ],
    "attachmentsCount" : 0,
    "shouldDisplayMessage" : false,
    "hasContent" : false,
    "stepsCount" : 0
  }, {
    "name" : "_UnitTestCase__pytest_class_setup::0",
    "time" : {
      "start" : 1594553579529,
      "stop" : 1594553579529,
      "duration" : 0
    },
    "status" : "passed",
    "steps" : [ ],
    "attachments" : [ ],
    "parameters" : [ ],
    "attachmentsCount" : 0,
    "shouldDisplayMessage" : false,
    "hasContent" : false,
    "stepsCount" : 0
  } ],
  "labels" : [ {
    "name" : "suite",
    "value" : "test_regression_suite"
  }, {
    "name" : "subSuite",
    "value" : "FooterTests"
  }, {
    "name" : "host",
    "value" : "EXIPC0154"
  }, {
    "name" : "thread",
    "value" : "17280-MainThread"
  }, {
    "name" : "framework",
    "value" : "pytest"
  }, {
    "name" : "language",
    "value" : "cpython3"
  }, {
    "name" : "package",
    "value" : "test_regression_suite"
  }, {
    "name" : "resultFormat",
    "value" : "allure2"
  } ],
  "parameters" : [ ],
  "links" : [ ],
  "hidden" : true,
  "retry" : true,
  "extra" : {
    "categories" : [ ],
    "tags" : [ ]
  },
  "source" : "819558f1a02380db.json",
  "parameterValues" : [ ]
}