{
  "uid" : "904b831db98ff79",
  "name" : "test_homeownersLink",
  "fullName" : "test_regression_suite.FooterTests#test_homeownersLink",
  "historyId" : "fc4f39c3e5c51ff6f5556c63e96f7ded",
  "time" : {
    "start" : 1594715748175,
    "stop" : 1594715772008,
    "duration" : 23833
  },
  "status" : "failed",
  "statusMessage" : "AssertionError",
  "statusTrace" : "self = <tests.home.footer_test.FooterTests testMethod=test_homeownersLink>\n\n    def test_homeownersLink(self):\n        result = self.fp.getHomeownersLinkStatus()\n>       self.ts.markFinal(\"test_homeownersLink\", result, \"Footer_Verified Homeowners Link\")\n\nhome\\footer_test.py:40: \n_ _ _ _ _ _ _ _ _ _ _ _ _ _ _ _ _ _ _ _ _ _ _ _ _ _ _ _ _ _ _ _ _ _ _ _ _ _ _ _\n\nself = <utilities.casestatus.CaseStatus object at 0x000001E5C9F2CE20>\ntestName = 'test_homeownersLink', result = False\nresultMessage = 'Footer_Verified Homeowners Link'\n\n    def markFinal(self, testName, result, resultMessage):\n        \"\"\"\n        Mark the final result of verification point in a test case\n        This needs to be called at least once in a test case\n        This should be final test status of the test case\n        \"\"\"\n        self.setResult(result, resultMessage)\n    \n        if \"FAIL\" in self.resultList:\n            self.log.error(testName + \" Test Failed\")\n            self.resultList.clear()\n>           assert True == False\nE           AssertionError\n\n..\\utilities\\casestatus.py:74: AssertionError",
  "flaky" : false,
  "newFailed" : false,
  "beforeStages" : [ {
    "name" : "_UnitTestCase__pytest_class_setup",
    "time" : {
      "start" : 1594715304087,
      "stop" : 1594715304087,
      "duration" : 0
    },
    "status" : "passed",
    "steps" : [ ],
    "attachments" : [ ],
    "parameters" : [ ],
    "shouldDisplayMessage" : false,
    "attachmentsCount" : 0,
    "hasContent" : false,
    "stepsCount" : 0
  }, {
    "name" : "oneTimeSetUp",
    "time" : {
      "start" : 1594715304088,
      "stop" : 1594715334050,
      "duration" : 29962
    },
    "status" : "passed",
    "steps" : [ ],
    "attachments" : [ ],
    "parameters" : [ ],
    "shouldDisplayMessage" : false,
    "attachmentsCount" : 0,
    "hasContent" : false,
    "stepsCount" : 0
  }, {
    "name" : "browser",
    "time" : {
      "start" : 1594715304088,
      "stop" : 1594715304088,
      "duration" : 0
    },
    "status" : "passed",
    "steps" : [ ],
    "attachments" : [ ],
    "parameters" : [ ],
    "shouldDisplayMessage" : false,
    "attachmentsCount" : 0,
    "hasContent" : false,
    "stepsCount" : 0
  }, {
    "name" : "classSetUp",
    "time" : {
      "start" : 1594715748173,
      "stop" : 1594715748174,
      "duration" : 1
    },
    "status" : "passed",
    "steps" : [ ],
    "attachments" : [ ],
    "parameters" : [ ],
    "shouldDisplayMessage" : false,
    "attachmentsCount" : 0,
    "hasContent" : false,
    "stepsCount" : 0
  } ],
  "testStage" : {
    "status" : "failed",
    "statusMessage" : "AssertionError",
    "statusTrace" : "self = <tests.home.footer_test.FooterTests testMethod=test_homeownersLink>\n\n    def test_homeownersLink(self):\n        result = self.fp.getHomeownersLinkStatus()\n>       self.ts.markFinal(\"test_homeownersLink\", result, \"Footer_Verified Homeowners Link\")\n\nhome\\footer_test.py:40: \n_ _ _ _ _ _ _ _ _ _ _ _ _ _ _ _ _ _ _ _ _ _ _ _ _ _ _ _ _ _ _ _ _ _ _ _ _ _ _ _\n\nself = <utilities.casestatus.CaseStatus object at 0x000001E5C9F2CE20>\ntestName = 'test_homeownersLink', result = False\nresultMessage = 'Footer_Verified Homeowners Link'\n\n    def markFinal(self, testName, result, resultMessage):\n        \"\"\"\n        Mark the final result of verification point in a test case\n        This needs to be called at least once in a test case\n        This should be final test status of the test case\n        \"\"\"\n        self.setResult(result, resultMessage)\n    \n        if \"FAIL\" in self.resultList:\n            self.log.error(testName + \" Test Failed\")\n            self.resultList.clear()\n>           assert True == False\nE           AssertionError\n\n..\\utilities\\casestatus.py:74: AssertionError",
    "steps" : [ ],
    "attachments" : [ {
      "uid" : "c7605ade2139706c",
      "name" : "Footer_Verified Homeowners Link.1594715772005",
      "source" : "c7605ade2139706c.png",
      "type" : "image/png",
      "size" : 232602
    }, {
      "uid" : "51b1c1e88d1e8408",
      "name" : "log",
      "source" : "51b1c1e88d1e8408.txt",
      "type" : "text/plain",
      "size" : 1153
    }, {
      "uid" : "5b5853e338eb2f4d",
      "name" : "stdout",
      "source" : "5b5853e338eb2f4d.txt",
      "type" : "text/plain",
      "size" : 22
    } ],
    "parameters" : [ ],
    "shouldDisplayMessage" : true,
    "attachmentsCount" : 3,
    "hasContent" : true,
    "stepsCount" : 0
  },
  "afterStages" : [ {
    "name" : "_UnitTestCase__pytest_class_setup::0",
    "time" : {
      "start" : 1594715946143,
      "stop" : 1594715946144,
      "duration" : 1
    },
    "status" : "passed",
    "steps" : [ ],
    "attachments" : [ ],
    "parameters" : [ ],
    "shouldDisplayMessage" : false,
    "attachmentsCount" : 0,
    "hasContent" : false,
    "stepsCount" : 0
  }, {
    "name" : "oneTimeSetUp::0",
    "time" : {
      "start" : 1594715943798,
      "stop" : 1594715946135,
      "duration" : 2337
    },
    "status" : "passed",
    "steps" : [ ],
    "attachments" : [ ],
    "parameters" : [ ],
    "shouldDisplayMessage" : false,
    "attachmentsCount" : 0,
    "hasContent" : false,
    "stepsCount" : 0
  } ],
  "labels" : [ {
    "name" : "suite",
    "value" : "test_regression_suite"
  }, {
    "name" : "subSuite",
    "value" : "FooterTests"
  }, {
    "name" : "host",
    "value" : "EXIPC0154"
  }, {
    "name" : "thread",
    "value" : "5624-MainThread"
  }, {
    "name" : "framework",
    "value" : "pytest"
  }, {
    "name" : "language",
    "value" : "cpython3"
  }, {
    "name" : "package",
    "value" : "test_regression_suite"
  }, {
    "name" : "resultFormat",
    "value" : "allure2"
  } ],
  "parameters" : [ ],
  "links" : [ ],
  "hidden" : true,
  "retry" : true,
  "extra" : {
    "categories" : [ ],
    "tags" : [ ]
  },
  "source" : "904b831db98ff79.json",
  "parameterValues" : [ ]
}