{
  "uid" : "9a7a4d64f7968d13",
  "name" : "test_contactUsLink",
  "fullName" : "test_regression_suite.FooterTests#test_contactUsLink",
  "historyId" : "f96e1be7f4eab5e1c56d22dc6b1a0d37",
  "time" : {
    "start" : 1593074805296,
    "stop" : 1593074829975,
    "duration" : 24679
  },
  "status" : "failed",
  "statusMessage" : "AssertionError",
  "statusTrace" : "self = <tests.home.footer_test.FooterTests testMethod=test_contactUsLink>\n\n    def test_contactUsLink(self):\n        result = self.fp.getContactUsLinkStatus()\n>       self.ts.markFinal(\"test_contactUsLink\", result, \"Footer_Verified Contact Us Link\")\n\nhome\\footer_test.py:52: \n_ _ _ _ _ _ _ _ _ _ _ _ _ _ _ _ _ _ _ _ _ _ _ _ _ _ _ _ _ _ _ _ _ _ _ _ _ _ _ _\n\nself = <utilities.casestatus.CaseStatus object at 0x0000019D7A02C610>\ntestName = 'test_contactUsLink', result = False\nresultMessage = 'Footer_Verified Contact Us Link'\n\n    def markFinal(self, testName, result, resultMessage):\n        \"\"\"\n        Mark the final result of verification point in a test case\n        This needs to be called at least once in a test case\n        This should be final test status of the test case\n        \"\"\"\n        self.setResult(result, resultMessage)\n    \n        if \"FAIL\" in self.resultList:\n            self.log.error(testName + \" Test Failed\")\n            self.resultList.clear()\n>           assert True == False\nE           AssertionError\n\n..\\utilities\\casestatus.py:74: AssertionError",
  "flaky" : false,
  "newFailed" : false,
  "beforeStages" : [ {
    "name" : "browser",
    "time" : {
      "start" : 1593074674511,
      "stop" : 1593074674511,
      "duration" : 0
    },
    "status" : "passed",
    "steps" : [ ],
    "attachments" : [ ],
    "parameters" : [ ],
    "shouldDisplayMessage" : false,
    "attachmentsCount" : 0,
    "stepsCount" : 0,
    "hasContent" : false
  }, {
    "name" : "_UnitTestCase__pytest_class_setup",
    "time" : {
      "start" : 1593074674511,
      "stop" : 1593074674511,
      "duration" : 0
    },
    "status" : "passed",
    "steps" : [ ],
    "attachments" : [ ],
    "parameters" : [ ],
    "shouldDisplayMessage" : false,
    "attachmentsCount" : 0,
    "stepsCount" : 0,
    "hasContent" : false
  }, {
    "name" : "classSetUp",
    "time" : {
      "start" : 1593074805294,
      "stop" : 1593074805294,
      "duration" : 0
    },
    "status" : "passed",
    "steps" : [ ],
    "attachments" : [ ],
    "parameters" : [ ],
    "shouldDisplayMessage" : false,
    "attachmentsCount" : 0,
    "stepsCount" : 0,
    "hasContent" : false
  }, {
    "name" : "oneTimeSetUp",
    "time" : {
      "start" : 1593074674511,
      "stop" : 1593074712630,
      "duration" : 38119
    },
    "status" : "passed",
    "steps" : [ ],
    "attachments" : [ ],
    "parameters" : [ ],
    "shouldDisplayMessage" : false,
    "attachmentsCount" : 0,
    "stepsCount" : 0,
    "hasContent" : false
  } ],
  "testStage" : {
    "status" : "failed",
    "statusMessage" : "AssertionError",
    "statusTrace" : "self = <tests.home.footer_test.FooterTests testMethod=test_contactUsLink>\n\n    def test_contactUsLink(self):\n        result = self.fp.getContactUsLinkStatus()\n>       self.ts.markFinal(\"test_contactUsLink\", result, \"Footer_Verified Contact Us Link\")\n\nhome\\footer_test.py:52: \n_ _ _ _ _ _ _ _ _ _ _ _ _ _ _ _ _ _ _ _ _ _ _ _ _ _ _ _ _ _ _ _ _ _ _ _ _ _ _ _\n\nself = <utilities.casestatus.CaseStatus object at 0x0000019D7A02C610>\ntestName = 'test_contactUsLink', result = False\nresultMessage = 'Footer_Verified Contact Us Link'\n\n    def markFinal(self, testName, result, resultMessage):\n        \"\"\"\n        Mark the final result of verification point in a test case\n        This needs to be called at least once in a test case\n        This should be final test status of the test case\n        \"\"\"\n        self.setResult(result, resultMessage)\n    \n        if \"FAIL\" in self.resultList:\n            self.log.error(testName + \" Test Failed\")\n            self.resultList.clear()\n>           assert True == False\nE           AssertionError\n\n..\\utilities\\casestatus.py:74: AssertionError",
    "steps" : [ ],
    "attachments" : [ {
      "uid" : "80e1a7fc3257811e",
      "name" : "Footer_Verified Contact Us Link.1593074829972",
      "source" : "80e1a7fc3257811e.png",
      "type" : "image/png",
      "size" : 506687
    }, {
      "uid" : "bf72c580a29013e1",
      "name" : "log",
      "source" : "bf72c580a29013e1.txt",
      "type" : "text/plain",
      "size" : 1152
    }, {
      "uid" : "32d042227aab4e87",
      "name" : "stdout",
      "source" : "32d042227aab4e87.txt",
      "type" : "text/plain",
      "size" : 22
    } ],
    "parameters" : [ ],
    "shouldDisplayMessage" : true,
    "attachmentsCount" : 3,
    "stepsCount" : 0,
    "hasContent" : true
  },
  "afterStages" : [ {
    "name" : "_UnitTestCase__pytest_class_setup::0",
    "time" : {
      "start" : 1593075166912,
      "stop" : 1593075166912,
      "duration" : 0
    },
    "status" : "passed",
    "steps" : [ ],
    "attachments" : [ ],
    "parameters" : [ ],
    "shouldDisplayMessage" : false,
    "attachmentsCount" : 0,
    "stepsCount" : 0,
    "hasContent" : false
  }, {
    "name" : "oneTimeSetUp::0",
    "time" : {
      "start" : 1593075164540,
      "stop" : 1593075166903,
      "duration" : 2363
    },
    "status" : "passed",
    "steps" : [ ],
    "attachments" : [ ],
    "parameters" : [ ],
    "shouldDisplayMessage" : false,
    "attachmentsCount" : 0,
    "stepsCount" : 0,
    "hasContent" : false
  } ],
  "labels" : [ {
    "name" : "suite",
    "value" : "test_regression_suite"
  }, {
    "name" : "subSuite",
    "value" : "FooterTests"
  }, {
    "name" : "host",
    "value" : "EXIPC0154"
  }, {
    "name" : "thread",
    "value" : "18080-MainThread"
  }, {
    "name" : "framework",
    "value" : "pytest"
  }, {
    "name" : "language",
    "value" : "cpython3"
  }, {
    "name" : "package",
    "value" : "test_regression_suite"
  }, {
    "name" : "resultFormat",
    "value" : "allure2"
  } ],
  "parameters" : [ ],
  "links" : [ ],
  "hidden" : true,
  "retry" : true,
  "extra" : {
    "categories" : [ ],
    "tags" : [ ]
  },
  "source" : "9a7a4d64f7968d13.json",
  "parameterValues" : [ ]
}