{
  "uid" : "b261b921f88166ee",
  "name" : "test_faqLink",
  "fullName" : "test_regression_suite.FooterTests#test_faqLink",
  "historyId" : "7a51873bd392916254582a61f677b26e",
  "time" : {
    "start" : 1589205347782,
    "stop" : 1589205348914,
    "duration" : 1132
  },
  "status" : "failed",
  "statusMessage" : "AssertionError",
  "statusTrace" : "self = <tests.home.footer_test.FooterTests testMethod=test_faqLink>\n\n    def test_faqLink(self):\n        result = self.fp.getFAQLinkStatus()\n>       self.ts.markFinal(\"test_faqLink\", result, \"Footer_Verified FAQ Link\")\n\nhome\\footer_test.py:44: \n_ _ _ _ _ _ _ _ _ _ _ _ _ _ _ _ _ _ _ _ _ _ _ _ _ _ _ _ _ _ _ _ _ _ _ _ _ _ _ _\n\nself = <utilities.casestatus.CaseStatus object at 0x0308C430>\ntestName = 'test_faqLink', result = False\nresultMessage = 'Footer_Verified FAQ Link'\n\n    def markFinal(self, testName, result, resultMessage):\n        \"\"\"\n        Mark the final result of verification point in a test case\n        This needs to be called at least once in a test case\n        This should be final test status of the test case\n        \"\"\"\n        self.setResult(result, resultMessage)\n    \n        if \"FAIL\" in self.resultList:\n            self.log.error(testName + \" Test Failed\")\n            self.resultList.clear()\n>           assert True == False\nE           AssertionError\n\n..\\utilities\\casestatus.py:74: AssertionError",
  "flaky" : false,
  "newFailed" : false,
  "beforeStages" : [ {
    "name" : "oneTimeSetUp",
    "time" : {
      "start" : 1589205326828,
      "stop" : 1589205341430,
      "duration" : 14602
    },
    "status" : "passed",
    "steps" : [ ],
    "attachments" : [ ],
    "parameters" : [ ],
    "stepsCount" : 0,
    "hasContent" : false,
    "shouldDisplayMessage" : false,
    "attachmentsCount" : 0
  }, {
    "name" : "classSetUp",
    "time" : {
      "start" : 1589205347780,
      "stop" : 1589205347780,
      "duration" : 0
    },
    "status" : "passed",
    "steps" : [ ],
    "attachments" : [ ],
    "parameters" : [ ],
    "stepsCount" : 0,
    "hasContent" : false,
    "shouldDisplayMessage" : false,
    "attachmentsCount" : 0
  }, {
    "name" : "browser",
    "time" : {
      "start" : 1589205326828,
      "stop" : 1589205326828,
      "duration" : 0
    },
    "status" : "passed",
    "steps" : [ ],
    "attachments" : [ ],
    "parameters" : [ ],
    "stepsCount" : 0,
    "hasContent" : false,
    "shouldDisplayMessage" : false,
    "attachmentsCount" : 0
  }, {
    "name" : "_UnitTestCase__pytest_class_setup",
    "time" : {
      "start" : 1589205326827,
      "stop" : 1589205326827,
      "duration" : 0
    },
    "status" : "passed",
    "steps" : [ ],
    "attachments" : [ ],
    "parameters" : [ ],
    "stepsCount" : 0,
    "hasContent" : false,
    "shouldDisplayMessage" : false,
    "attachmentsCount" : 0
  } ],
  "testStage" : {
    "status" : "failed",
    "statusMessage" : "AssertionError",
    "statusTrace" : "self = <tests.home.footer_test.FooterTests testMethod=test_faqLink>\n\n    def test_faqLink(self):\n        result = self.fp.getFAQLinkStatus()\n>       self.ts.markFinal(\"test_faqLink\", result, \"Footer_Verified FAQ Link\")\n\nhome\\footer_test.py:44: \n_ _ _ _ _ _ _ _ _ _ _ _ _ _ _ _ _ _ _ _ _ _ _ _ _ _ _ _ _ _ _ _ _ _ _ _ _ _ _ _\n\nself = <utilities.casestatus.CaseStatus object at 0x0308C430>\ntestName = 'test_faqLink', result = False\nresultMessage = 'Footer_Verified FAQ Link'\n\n    def markFinal(self, testName, result, resultMessage):\n        \"\"\"\n        Mark the final result of verification point in a test case\n        This needs to be called at least once in a test case\n        This should be final test status of the test case\n        \"\"\"\n        self.setResult(result, resultMessage)\n    \n        if \"FAIL\" in self.resultList:\n            self.log.error(testName + \" Test Failed\")\n            self.resultList.clear()\n>           assert True == False\nE           AssertionError\n\n..\\utilities\\casestatus.py:74: AssertionError",
    "steps" : [ ],
    "attachments" : [ {
      "uid" : "914188f41335bc79",
      "name" : "Footer_Verified FAQ Link.1589205348911",
      "source" : "914188f41335bc79.png",
      "type" : "image/png",
      "size" : 40915
    }, {
      "uid" : "207f132019da33a2",
      "name" : "log",
      "source" : "207f132019da33a2.txt",
      "type" : "text/plain",
      "size" : 1397
    } ],
    "parameters" : [ ],
    "stepsCount" : 0,
    "hasContent" : true,
    "shouldDisplayMessage" : true,
    "attachmentsCount" : 2
  },
  "afterStages" : [ {
    "name" : "oneTimeSetUp::0",
    "time" : {
      "start" : 1589205365055,
      "stop" : 1589205367248,
      "duration" : 2193
    },
    "status" : "passed",
    "steps" : [ ],
    "attachments" : [ ],
    "parameters" : [ ],
    "stepsCount" : 0,
    "hasContent" : false,
    "shouldDisplayMessage" : false,
    "attachmentsCount" : 0
  }, {
    "name" : "_UnitTestCase__pytest_class_setup::0",
    "time" : {
      "start" : 1589205367255,
      "stop" : 1589205367255,
      "duration" : 0
    },
    "status" : "passed",
    "steps" : [ ],
    "attachments" : [ ],
    "parameters" : [ ],
    "stepsCount" : 0,
    "hasContent" : false,
    "shouldDisplayMessage" : false,
    "attachmentsCount" : 0
  } ],
  "labels" : [ {
    "name" : "suite",
    "value" : "test_regression_suite"
  }, {
    "name" : "subSuite",
    "value" : "FooterTests"
  }, {
    "name" : "host",
    "value" : "EXIPC0154"
  }, {
    "name" : "thread",
    "value" : "15832-MainThread"
  }, {
    "name" : "framework",
    "value" : "pytest"
  }, {
    "name" : "language",
    "value" : "cpython3"
  }, {
    "name" : "package",
    "value" : "test_regression_suite"
  }, {
    "name" : "resultFormat",
    "value" : "allure2"
  } ],
  "parameters" : [ ],
  "links" : [ ],
  "hidden" : false,
  "retry" : false,
  "extra" : {
    "severity" : "normal",
    "retries" : [ {
      "uid" : "80ab5e8fa162889",
      "status" : "failed",
      "statusDetails" : "AssertionError",
      "time" : {
        "start" : 1589203297521,
        "stop" : 1589203298426,
        "duration" : 905
      }
    }, {
      "uid" : "663c10771419ca19",
      "status" : "failed",
      "statusDetails" : "AssertionError",
      "time" : {
        "start" : 1589163790054,
        "stop" : 1589163790859,
        "duration" : 805
      }
    }, {
      "uid" : "aee85382f433f4be",
      "status" : "failed",
      "statusDetails" : "AssertionError",
      "time" : {
        "start" : 1589113057538,
        "stop" : 1589113058824,
        "duration" : 1286
      }
    }, {
      "uid" : "350eb3439ed7152c",
      "status" : "failed",
      "statusDetails" : "AssertionError",
      "time" : {
        "start" : 1588853660545,
        "stop" : 1588853661308,
        "duration" : 763
      }
    }, {
      "uid" : "e6a4ae9271a2343a",
      "status" : "failed",
      "statusDetails" : "AssertionError",
      "time" : {
        "start" : 1588852335340,
        "stop" : 1588852336303,
        "duration" : 963
      }
    } ],
    "categories" : [ {
      "name" : "Product defects",
      "matchedStatuses" : [ ],
      "flaky" : false
    } ],
    "history" : {
      "statistic" : {
        "failed" : 6,
        "broken" : 0,
        "skipped" : 0,
        "passed" : 0,
        "unknown" : 0,
        "total" : 6
      },
      "items" : [ {
        "uid" : "ced878e9cf27e376",
        "reportUrl" : "http://localhost:8080/job/MattamyHomes/21/allure/#testresult/ced878e9cf27e376",
        "status" : "failed",
        "statusDetails" : "AssertionError",
        "time" : {
          "start" : 1589203297521,
          "stop" : 1589203298426,
          "duration" : 905
        }
      }, {
        "uid" : "e6cef2d6d76ea6c7",
        "reportUrl" : "http://localhost:8080/job/MattamyHomes/20/allure/#testresult/e6cef2d6d76ea6c7",
        "status" : "failed",
        "statusDetails" : "AssertionError",
        "time" : {
          "start" : 1589163790054,
          "stop" : 1589163790859,
          "duration" : 805
        }
      }, {
        "uid" : "dbcca2ae45d4bf00",
        "reportUrl" : "http://localhost:8080/job/MattamyHomes/19/allure/#testresult/dbcca2ae45d4bf00",
        "status" : "failed",
        "statusDetails" : "AssertionError",
        "time" : {
          "start" : 1589113057538,
          "stop" : 1589113058824,
          "duration" : 1286
        }
      }, {
        "uid" : "20ce9c5f95eb8594",
        "reportUrl" : "http://localhost:8080/job/MattamyHomes/18/allure/#testresult/20ce9c5f95eb8594",
        "status" : "failed",
        "statusDetails" : "AssertionError",
        "time" : {
          "start" : 1588853660545,
          "stop" : 1588853661308,
          "duration" : 763
        }
      }, {
        "uid" : "15ebd08f7a582b51",
        "reportUrl" : "http://localhost:8080/job/MattamyHomes/17/allure/#testresult/15ebd08f7a582b51",
        "status" : "failed",
        "statusDetails" : "AssertionError",
        "time" : {
          "start" : 1588852335340,
          "stop" : 1588852336303,
          "duration" : 963
        }
      } ]
    },
    "tags" : [ ]
  },
  "source" : "b261b921f88166ee.json",
  "parameterValues" : [ ]
}