{
  "uid" : "d96ed72f2ddddad4",
  "name" : "test_accessibilityLink",
  "fullName" : "test_regression_suite.FooterTests#test_accessibilityLink",
  "historyId" : "a59194b10acd0ba8d82c13d9f5d7a51c",
  "time" : {
    "start" : 1589253197724,
    "stop" : 1589253198619,
    "duration" : 895
  },
  "status" : "failed",
  "statusMessage" : "AssertionError",
  "statusTrace" : "self = <tests.home.footer_test.FooterTests testMethod=test_accessibilityLink>\n\n    def test_accessibilityLink(self):\n        result = self.fp.getAccessibilityLinkStatus()\n>       self.ts.markFinal(\"test_accessibilityLink\", result, \"Footer_Verified Accessibility Link\")\n\nhome\\footer_test.py:80: \n_ _ _ _ _ _ _ _ _ _ _ _ _ _ _ _ _ _ _ _ _ _ _ _ _ _ _ _ _ _ _ _ _ _ _ _ _ _ _ _\n\nself = <utilities.casestatus.CaseStatus object at 0x029EF090>\ntestName = 'test_accessibilityLink', result = False\nresultMessage = 'Footer_Verified Accessibility Link'\n\n    def markFinal(self, testName, result, resultMessage):\n        \"\"\"\n        Mark the final result of verification point in a test case\n        This needs to be called at least once in a test case\n        This should be final test status of the test case\n        \"\"\"\n        self.setResult(result, resultMessage)\n    \n        if \"FAIL\" in self.resultList:\n            self.log.error(testName + \" Test Failed\")\n            self.resultList.clear()\n>           assert True == False\nE           AssertionError\n\n..\\utilities\\casestatus.py:74: AssertionError",
  "flaky" : false,
  "newFailed" : false,
  "beforeStages" : [ {
    "name" : "_UnitTestCase__pytest_class_setup",
    "time" : {
      "start" : 1589253181741,
      "stop" : 1589253181741,
      "duration" : 0
    },
    "status" : "passed",
    "steps" : [ ],
    "attachments" : [ ],
    "parameters" : [ ],
    "attachmentsCount" : 0,
    "shouldDisplayMessage" : false,
    "stepsCount" : 0,
    "hasContent" : false
  }, {
    "name" : "classSetUp",
    "time" : {
      "start" : 1589253197720,
      "stop" : 1589253197720,
      "duration" : 0
    },
    "status" : "passed",
    "steps" : [ ],
    "attachments" : [ ],
    "parameters" : [ ],
    "attachmentsCount" : 0,
    "shouldDisplayMessage" : false,
    "stepsCount" : 0,
    "hasContent" : false
  }, {
    "name" : "browser",
    "time" : {
      "start" : 1589253181741,
      "stop" : 1589253181741,
      "duration" : 0
    },
    "status" : "passed",
    "steps" : [ ],
    "attachments" : [ ],
    "parameters" : [ ],
    "attachmentsCount" : 0,
    "shouldDisplayMessage" : false,
    "stepsCount" : 0,
    "hasContent" : false
  }, {
    "name" : "oneTimeSetUp",
    "time" : {
      "start" : 1589253181741,
      "stop" : 1589253197719,
      "duration" : 15978
    },
    "status" : "passed",
    "steps" : [ ],
    "attachments" : [ ],
    "parameters" : [ ],
    "attachmentsCount" : 0,
    "shouldDisplayMessage" : false,
    "stepsCount" : 0,
    "hasContent" : false
  } ],
  "testStage" : {
    "status" : "failed",
    "statusMessage" : "AssertionError",
    "statusTrace" : "self = <tests.home.footer_test.FooterTests testMethod=test_accessibilityLink>\n\n    def test_accessibilityLink(self):\n        result = self.fp.getAccessibilityLinkStatus()\n>       self.ts.markFinal(\"test_accessibilityLink\", result, \"Footer_Verified Accessibility Link\")\n\nhome\\footer_test.py:80: \n_ _ _ _ _ _ _ _ _ _ _ _ _ _ _ _ _ _ _ _ _ _ _ _ _ _ _ _ _ _ _ _ _ _ _ _ _ _ _ _\n\nself = <utilities.casestatus.CaseStatus object at 0x029EF090>\ntestName = 'test_accessibilityLink', result = False\nresultMessage = 'Footer_Verified Accessibility Link'\n\n    def markFinal(self, testName, result, resultMessage):\n        \"\"\"\n        Mark the final result of verification point in a test case\n        This needs to be called at least once in a test case\n        This should be final test status of the test case\n        \"\"\"\n        self.setResult(result, resultMessage)\n    \n        if \"FAIL\" in self.resultList:\n            self.log.error(testName + \" Test Failed\")\n            self.resultList.clear()\n>           assert True == False\nE           AssertionError\n\n..\\utilities\\casestatus.py:74: AssertionError",
    "steps" : [ ],
    "attachments" : [ {
      "uid" : "31ad262fc5b56b99",
      "name" : "Footer_Verified Accessibility Link.1589253198615",
      "source" : "31ad262fc5b56b99.png",
      "type" : "image/png",
      "size" : 26234
    }, {
      "uid" : "e78c8d4c1e039fe7",
      "name" : "log",
      "source" : "e78c8d4c1e039fe7.txt",
      "type" : "text/plain",
      "size" : 2263
    }, {
      "uid" : "cf67493069132314",
      "name" : "stdout",
      "source" : "cf67493069132314.txt",
      "type" : "text/plain",
      "size" : 139
    } ],
    "parameters" : [ ],
    "attachmentsCount" : 3,
    "shouldDisplayMessage" : true,
    "stepsCount" : 0,
    "hasContent" : true
  },
  "afterStages" : [ {
    "name" : "_UnitTestCase__pytest_class_setup::0",
    "time" : {
      "start" : 1589253222205,
      "stop" : 1589253222205,
      "duration" : 0
    },
    "status" : "passed",
    "steps" : [ ],
    "attachments" : [ ],
    "parameters" : [ ],
    "attachmentsCount" : 0,
    "shouldDisplayMessage" : false,
    "stepsCount" : 0,
    "hasContent" : false
  }, {
    "name" : "oneTimeSetUp::0",
    "time" : {
      "start" : 1589253220102,
      "stop" : 1589253222196,
      "duration" : 2094
    },
    "status" : "passed",
    "steps" : [ ],
    "attachments" : [ ],
    "parameters" : [ ],
    "attachmentsCount" : 0,
    "shouldDisplayMessage" : false,
    "stepsCount" : 0,
    "hasContent" : false
  } ],
  "labels" : [ {
    "name" : "suite",
    "value" : "test_regression_suite"
  }, {
    "name" : "subSuite",
    "value" : "FooterTests"
  }, {
    "name" : "host",
    "value" : "EXIPC0154"
  }, {
    "name" : "thread",
    "value" : "16504-MainThread"
  }, {
    "name" : "framework",
    "value" : "pytest"
  }, {
    "name" : "language",
    "value" : "cpython3"
  }, {
    "name" : "package",
    "value" : "test_regression_suite"
  }, {
    "name" : "resultFormat",
    "value" : "allure2"
  } ],
  "parameters" : [ ],
  "links" : [ ],
  "hidden" : true,
  "retry" : true,
  "extra" : {
    "categories" : [ ],
    "tags" : [ ]
  },
  "source" : "d96ed72f2ddddad4.json",
  "parameterValues" : [ ]
}