{
  "uid" : "dcdb56b5fbc32d37",
  "name" : "test_termsAndConditionsLink",
  "fullName" : "test_regression_suite.FooterTests#test_termsAndConditionsLink",
  "historyId" : "4ea23e64cc3562a3f3e8a52950e2c5ea",
  "time" : {
    "start" : 1594283712294,
    "stop" : 1594283737142,
    "duration" : 24848
  },
  "status" : "failed",
  "statusMessage" : "AssertionError",
  "statusTrace" : "self = <tests.home.footer_test.FooterTests testMethod=test_termsAndConditionsLink>\n\n    def test_termsAndConditionsLink(self):\n        result = self.fp.getTnCLinkStatus()\n>       self.ts.markFinal(\"test_termsAndConditionsLink\", result, \"Footer_Verified TnC Link\")\n\nhome\\footer_test.py:76: \n_ _ _ _ _ _ _ _ _ _ _ _ _ _ _ _ _ _ _ _ _ _ _ _ _ _ _ _ _ _ _ _ _ _ _ _ _ _ _ _\n\nself = <utilities.casestatus.CaseStatus object at 0x000001EB56E60400>\ntestName = 'test_termsAndConditionsLink', result = False\nresultMessage = 'Footer_Verified TnC Link'\n\n    def markFinal(self, testName, result, resultMessage):\n        \"\"\"\n        Mark the final result of verification point in a test case\n        This needs to be called at least once in a test case\n        This should be final test status of the test case\n        \"\"\"\n        self.setResult(result, resultMessage)\n    \n        if \"FAIL\" in self.resultList:\n            self.log.error(testName + \" Test Failed\")\n            self.resultList.clear()\n>           assert True == False\nE           AssertionError\n\n..\\utilities\\casestatus.py:74: AssertionError",
  "flaky" : false,
  "newFailed" : false,
  "beforeStages" : [ {
    "name" : "classSetUp",
    "time" : {
      "start" : 1594283712293,
      "stop" : 1594283712293,
      "duration" : 0
    },
    "status" : "passed",
    "steps" : [ ],
    "attachments" : [ ],
    "parameters" : [ ],
    "stepsCount" : 0,
    "hasContent" : false,
    "shouldDisplayMessage" : false,
    "attachmentsCount" : 0
  }, {
    "name" : "oneTimeSetUp",
    "time" : {
      "start" : 1594283339308,
      "stop" : 1594283364860,
      "duration" : 25552
    },
    "status" : "passed",
    "steps" : [ ],
    "attachments" : [ ],
    "parameters" : [ ],
    "stepsCount" : 0,
    "hasContent" : false,
    "shouldDisplayMessage" : false,
    "attachmentsCount" : 0
  }, {
    "name" : "browser",
    "time" : {
      "start" : 1594283339307,
      "stop" : 1594283339307,
      "duration" : 0
    },
    "status" : "passed",
    "steps" : [ ],
    "attachments" : [ ],
    "parameters" : [ ],
    "stepsCount" : 0,
    "hasContent" : false,
    "shouldDisplayMessage" : false,
    "attachmentsCount" : 0
  }, {
    "name" : "_UnitTestCase__pytest_class_setup",
    "time" : {
      "start" : 1594283339306,
      "stop" : 1594283339306,
      "duration" : 0
    },
    "status" : "passed",
    "steps" : [ ],
    "attachments" : [ ],
    "parameters" : [ ],
    "stepsCount" : 0,
    "hasContent" : false,
    "shouldDisplayMessage" : false,
    "attachmentsCount" : 0
  } ],
  "testStage" : {
    "status" : "failed",
    "statusMessage" : "AssertionError",
    "statusTrace" : "self = <tests.home.footer_test.FooterTests testMethod=test_termsAndConditionsLink>\n\n    def test_termsAndConditionsLink(self):\n        result = self.fp.getTnCLinkStatus()\n>       self.ts.markFinal(\"test_termsAndConditionsLink\", result, \"Footer_Verified TnC Link\")\n\nhome\\footer_test.py:76: \n_ _ _ _ _ _ _ _ _ _ _ _ _ _ _ _ _ _ _ _ _ _ _ _ _ _ _ _ _ _ _ _ _ _ _ _ _ _ _ _\n\nself = <utilities.casestatus.CaseStatus object at 0x000001EB56E60400>\ntestName = 'test_termsAndConditionsLink', result = False\nresultMessage = 'Footer_Verified TnC Link'\n\n    def markFinal(self, testName, result, resultMessage):\n        \"\"\"\n        Mark the final result of verification point in a test case\n        This needs to be called at least once in a test case\n        This should be final test status of the test case\n        \"\"\"\n        self.setResult(result, resultMessage)\n    \n        if \"FAIL\" in self.resultList:\n            self.log.error(testName + \" Test Failed\")\n            self.resultList.clear()\n>           assert True == False\nE           AssertionError\n\n..\\utilities\\casestatus.py:74: AssertionError",
    "steps" : [ ],
    "attachments" : [ {
      "uid" : "7c78114e5bab798e",
      "name" : "Footer_Verified TnC Link.1594283737140",
      "source" : "7c78114e5bab798e.png",
      "type" : "image/png",
      "size" : 4195
    }, {
      "uid" : "a7b5e5052c95d1df",
      "name" : "log",
      "source" : "a7b5e5052c95d1df.txt",
      "type" : "text/plain",
      "size" : 1155
    }, {
      "uid" : "943ffbcda9bb586b",
      "name" : "stdout",
      "source" : "943ffbcda9bb586b.txt",
      "type" : "text/plain",
      "size" : 22
    } ],
    "parameters" : [ ],
    "stepsCount" : 0,
    "hasContent" : true,
    "shouldDisplayMessage" : true,
    "attachmentsCount" : 3
  },
  "afterStages" : [ {
    "name" : "oneTimeSetUp::0",
    "time" : {
      "start" : 1594283762052,
      "stop" : 1594283764290,
      "duration" : 2238
    },
    "status" : "passed",
    "steps" : [ ],
    "attachments" : [ ],
    "parameters" : [ ],
    "stepsCount" : 0,
    "hasContent" : false,
    "shouldDisplayMessage" : false,
    "attachmentsCount" : 0
  }, {
    "name" : "_UnitTestCase__pytest_class_setup::0",
    "time" : {
      "start" : 1594283764300,
      "stop" : 1594283764300,
      "duration" : 0
    },
    "status" : "passed",
    "steps" : [ ],
    "attachments" : [ ],
    "parameters" : [ ],
    "stepsCount" : 0,
    "hasContent" : false,
    "shouldDisplayMessage" : false,
    "attachmentsCount" : 0
  } ],
  "labels" : [ {
    "name" : "suite",
    "value" : "test_regression_suite"
  }, {
    "name" : "subSuite",
    "value" : "FooterTests"
  }, {
    "name" : "host",
    "value" : "EXIPC0154"
  }, {
    "name" : "thread",
    "value" : "14644-MainThread"
  }, {
    "name" : "framework",
    "value" : "pytest"
  }, {
    "name" : "language",
    "value" : "cpython3"
  }, {
    "name" : "package",
    "value" : "test_regression_suite"
  }, {
    "name" : "resultFormat",
    "value" : "allure2"
  } ],
  "parameters" : [ ],
  "links" : [ ],
  "hidden" : true,
  "retry" : true,
  "extra" : {
    "categories" : [ ],
    "tags" : [ ]
  },
  "source" : "dcdb56b5fbc32d37.json",
  "parameterValues" : [ ]
}