{
  "uid" : "de5b49ce10d13c8d",
  "name" : "test_FindYourDreamHomeDropdownExist",
  "fullName" : "test_regression_suite.HeaderTests#test_FindYourDreamHomeDropdownExist",
  "historyId" : "64d2000b8f36f3b9c6b50c30a5af008a",
  "time" : {
    "start" : 1591778500945,
    "stop" : 1591778564308,
    "duration" : 63363
  },
  "status" : "failed",
  "statusMessage" : "AssertionError",
  "statusTrace" : "self = <tests.home.header_test.HeaderTests testMethod=test_FindYourDreamHomeDropdownExist>\n\n    def test_FindYourDreamHomeDropdownExist(self):\n        result = self.hp.verifyFYDHElement()\n        self.hp.clickFindYourDreamHome()\n>       self.ts.markFinal(\"test_FindYourDreamHomeDropdownExist\", result,\n                          \"Verify that element exist under 'Find Your Dream Home' dropdown executed\")\n\nhome\\header_test.py:29: \n_ _ _ _ _ _ _ _ _ _ _ _ _ _ _ _ _ _ _ _ _ _ _ _ _ _ _ _ _ _ _ _ _ _ _ _ _ _ _ _\n\nself = <utilities.casestatus.CaseStatus object at 0x000001DD3D646E50>\ntestName = 'test_FindYourDreamHomeDropdownExist', result = False\nresultMessage = \"Verify that element exist under 'Find Your Dream Home' dropdown executed\"\n\n    def markFinal(self, testName, result, resultMessage):\n        \"\"\"\n        Mark the final result of verification point in a test case\n        This needs to be called at least once in a test case\n        This should be final test status of the test case\n        \"\"\"\n        self.setResult(result, resultMessage)\n    \n        if \"FAIL\" in self.resultList:\n            self.log.error(testName + \" Test Failed\")\n            self.resultList.clear()\n>           assert True == False\nE           AssertionError\n\n..\\utilities\\casestatus.py:74: AssertionError",
  "flaky" : false,
  "newFailed" : false,
  "beforeStages" : [ {
    "name" : "browser",
    "time" : {
      "start" : 1591778468460,
      "stop" : 1591778468460,
      "duration" : 0
    },
    "status" : "passed",
    "steps" : [ ],
    "attachments" : [ ],
    "parameters" : [ ],
    "hasContent" : false,
    "stepsCount" : 0,
    "attachmentsCount" : 0,
    "shouldDisplayMessage" : false
  }, {
    "name" : "oneTimeSetUp",
    "time" : {
      "start" : 1591778468460,
      "stop" : 1591778500942,
      "duration" : 32482
    },
    "status" : "passed",
    "steps" : [ ],
    "attachments" : [ ],
    "parameters" : [ ],
    "hasContent" : false,
    "stepsCount" : 0,
    "attachmentsCount" : 0,
    "shouldDisplayMessage" : false
  }, {
    "name" : "classSetUp",
    "time" : {
      "start" : 1591778500943,
      "stop" : 1591778500943,
      "duration" : 0
    },
    "status" : "passed",
    "steps" : [ ],
    "attachments" : [ ],
    "parameters" : [ ],
    "hasContent" : false,
    "stepsCount" : 0,
    "attachmentsCount" : 0,
    "shouldDisplayMessage" : false
  }, {
    "name" : "_UnitTestCase__pytest_class_setup",
    "time" : {
      "start" : 1591778468459,
      "stop" : 1591778468459,
      "duration" : 0
    },
    "status" : "passed",
    "steps" : [ ],
    "attachments" : [ ],
    "parameters" : [ ],
    "hasContent" : false,
    "stepsCount" : 0,
    "attachmentsCount" : 0,
    "shouldDisplayMessage" : false
  } ],
  "testStage" : {
    "status" : "failed",
    "statusMessage" : "AssertionError",
    "statusTrace" : "self = <tests.home.header_test.HeaderTests testMethod=test_FindYourDreamHomeDropdownExist>\n\n    def test_FindYourDreamHomeDropdownExist(self):\n        result = self.hp.verifyFYDHElement()\n        self.hp.clickFindYourDreamHome()\n>       self.ts.markFinal(\"test_FindYourDreamHomeDropdownExist\", result,\n                          \"Verify that element exist under 'Find Your Dream Home' dropdown executed\")\n\nhome\\header_test.py:29: \n_ _ _ _ _ _ _ _ _ _ _ _ _ _ _ _ _ _ _ _ _ _ _ _ _ _ _ _ _ _ _ _ _ _ _ _ _ _ _ _\n\nself = <utilities.casestatus.CaseStatus object at 0x000001DD3D646E50>\ntestName = 'test_FindYourDreamHomeDropdownExist', result = False\nresultMessage = \"Verify that element exist under 'Find Your Dream Home' dropdown executed\"\n\n    def markFinal(self, testName, result, resultMessage):\n        \"\"\"\n        Mark the final result of verification point in a test case\n        This needs to be called at least once in a test case\n        This should be final test status of the test case\n        \"\"\"\n        self.setResult(result, resultMessage)\n    \n        if \"FAIL\" in self.resultList:\n            self.log.error(testName + \" Test Failed\")\n            self.resultList.clear()\n>           assert True == False\nE           AssertionError\n\n..\\utilities\\casestatus.py:74: AssertionError",
    "steps" : [ ],
    "attachments" : [ {
      "uid" : "a89d7a72fb105b12",
      "name" : "Verify that element exist under 'Find Your Dream Home' dropdown executed.1591778564306",
      "source" : "a89d7a72fb105b12.png",
      "type" : "image/png",
      "size" : 506051
    }, {
      "uid" : "931ff69df9b27db4",
      "name" : "log",
      "source" : "931ff69df9b27db4.txt",
      "type" : "text/plain",
      "size" : 2432
    }, {
      "uid" : "4804285422d62885",
      "name" : "stdout",
      "source" : "4804285422d62885.txt",
      "type" : "text/plain",
      "size" : 22
    } ],
    "parameters" : [ ],
    "hasContent" : true,
    "stepsCount" : 0,
    "attachmentsCount" : 3,
    "shouldDisplayMessage" : true
  },
  "afterStages" : [ {
    "name" : "oneTimeSetUp::0",
    "time" : {
      "start" : 1591778596071,
      "stop" : 1591778598221,
      "duration" : 2150
    },
    "status" : "passed",
    "steps" : [ ],
    "attachments" : [ ],
    "parameters" : [ ],
    "hasContent" : false,
    "stepsCount" : 0,
    "attachmentsCount" : 0,
    "shouldDisplayMessage" : false
  }, {
    "name" : "_UnitTestCase__pytest_class_setup::0",
    "time" : {
      "start" : 1591778598229,
      "stop" : 1591778598229,
      "duration" : 0
    },
    "status" : "passed",
    "steps" : [ ],
    "attachments" : [ ],
    "parameters" : [ ],
    "hasContent" : false,
    "stepsCount" : 0,
    "attachmentsCount" : 0,
    "shouldDisplayMessage" : false
  } ],
  "labels" : [ {
    "name" : "suite",
    "value" : "test_regression_suite"
  }, {
    "name" : "subSuite",
    "value" : "HeaderTests"
  }, {
    "name" : "host",
    "value" : "EXIPC0154"
  }, {
    "name" : "thread",
    "value" : "11032-MainThread"
  }, {
    "name" : "framework",
    "value" : "pytest"
  }, {
    "name" : "language",
    "value" : "cpython3"
  }, {
    "name" : "package",
    "value" : "test_regression_suite"
  }, {
    "name" : "resultFormat",
    "value" : "allure2"
  } ],
  "parameters" : [ ],
  "links" : [ ],
  "hidden" : true,
  "retry" : true,
  "extra" : {
    "categories" : [ ],
    "tags" : [ ]
  },
  "source" : "de5b49ce10d13c8d.json",
  "parameterValues" : [ ]
}